<?xml version="1.0" encoding="UTF-8"?>
<coverage generated="1671234720979" clover="3.2.0">
  <project timestamp="1671234720979" name="All files">
    <metrics statements="6" coveredstatements="6" conditionals="2" coveredconditionals="2" methods="4" coveredmethods="4" elements="12" coveredelements="12" complexity="0" loc="6" ncloc="6" packages="1" files="2" classes="2"/>
    <file name="index.tsx" path="D:\tizon\Documents\Ciclo X\tendenciasArqui\clinicaArqui\src\components\loader\spinLoader\index.tsx">
      <metrics statements="1" coveredstatements="1" conditionals="2" coveredconditionals="2" methods="1" coveredmethods="1"/>
      <line num="4" count="1" type="stmt"/>
    </file>
    <file name="styles.ts" path="D:\tizon\Documents\Ciclo X\tendenciasArqui\clinicaArqui\src\components\loader\spinLoader\styles.ts">
      <metrics statements="5" coveredstatements="5" conditionals="0" coveredconditionals="0" methods="3" coveredmethods="3"/>
      <line num="3" count="1" type="stmt"/>
      <line num="12" count="1" type="stmt"/>
      <line num="15" count="1" type="stmt"/>
      <line num="16" count="1" type="stmt"/>
      <line num="18" count="1" type="stmt"/>
    </file>
  </project>
</coverage>
