{"D:\\tizon\\Documents\\Ciclo X\\tendenciasArqui\\clinicaArqui\\src\\components\\breadcrumb\\index.tsx": {"path":"D:\\tizon\\Documents\\Ciclo X\\tendenciasArqui\\clinicaArqui\\src\\components\\breadcrumb\\index.tsx","statementMap":{"0":{"start":{"line":6,"column":19},"end":{"line":6,"column":32}},"1":{"start":{"line":7,"column":17},"end":{"line":7,"column":28}},"2":{"start":{"line":8,"column":24},"end":{"line":8,"column":45}},"3":{"start":{"line":10,"column":20},"end":{"line":10,"column":91}},"4":{"start":{"line":10,"column":75},"end":{"line":10,"column":90}},"5":{"start":{"line":11,"column":2},"end":{"line":11,"column":27}},"6":{"start":{"line":13,"column":2},"end":{"line":16,"column":4}},"7":{"start":{"line":14,"column":18},"end":{"line":14,"column":85}},"8":{"start":{"line":14,"column":48},"end":{"line":14,"column":84}},"9":{"start":{"line":15,"column":4},"end":{"line":15,"column":25}},"10":{"start":{"line":18,"column":20},"end":{"line":18,"column":72}},"11":{"start":{"line":20,"column":2},"end":{"line":48,"column":3}},"12":{"start":{"line":28,"column":16},"end":{"line":31,"column":20}},"13":{"start":{"line":39,"column":16},"end":{"line":42,"column":20}}},"fnMap":{"0":{"name":"Breadcrumb","decl":{"start":{"line":5,"column":24},"end":{"line":5,"column":34}},"loc":{"start":{"line":5,"column":37},"end":{"line":49,"column":1}},"line":5},"1":{"name":"(anonymous_1)","decl":{"start":{"line":10,"column":56},"end":{"line":10,"column":57}},"loc":{"start":{"line":10,"column":75},"end":{"line":10,"column":90}},"line":10},"2":{"name":"(anonymous_2)","decl":{"start":{"line":13,"column":24},"end":{"line":13,"column":25}},"loc":{"start":{"line":13,"column":40},"end":{"line":16,"column":3}},"line":13},"3":{"name":"(anonymous_3)","decl":{"start":{"line":14,"column":33},"end":{"line":14,"column":34}},"loc":{"start":{"line":14,"column":48},"end":{"line":14,"column":84}},"line":14},"4":{"name":"(anonymous_4)","decl":{"start":{"line":27,"column":24},"end":{"line":27,"column":25}},"loc":{"start":{"line":28,"column":16},"end":{"line":31,"column":20}},"line":28},"5":{"name":"(anonymous_5)","decl":{"start":{"line":38,"column":24},"end":{"line":38,"column":25}},"loc":{"start":{"line":39,"column":16},"end":{"line":42,"column":20}},"line":39}},"branchMap":{"0":{"loc":{"start":{"line":18,"column":20},"end":{"line":18,"column":72}},"type":"binary-expr","locations":[{"start":{"line":18,"column":20},"end":{"line":18,"column":40}},{"start":{"line":18,"column":44},"end":{"line":18,"column":63}},{"start":{"line":18,"column":67},"end":{"line":18,"column":72}}],"line":18},"1":{"loc":{"start":{"line":23,"column":8},"end":{"line":45,"column":13}},"type":"cond-expr","locations":[{"start":{"line":24,"column":12},"end":{"line":34,"column":13}},{"start":{"line":35,"column":12},"end":{"line":45,"column":13}}],"line":23},"2":{"loc":{"start":{"line":25,"column":17},"end":{"line":25,"column":62}},"type":"binary-expr","locations":[{"start":{"line":25,"column":17},"end":{"line":25,"column":26}},{"start":{"line":25,"column":30},"end":{"line":25,"column":62}}],"line":25},"3":{"loc":{"start":{"line":30,"column":19},"end":{"line":30,"column":64}},"type":"binary-expr","locations":[{"start":{"line":30,"column":20},"end":{"line":30,"column":45}},{"start":{"line":30,"column":50},"end":{"line":30,"column":64}}],"line":30},"4":{"loc":{"start":{"line":36,"column":17},"end":{"line":36,"column":62}},"type":"binary-expr","locations":[{"start":{"line":36,"column":17},"end":{"line":36,"column":26}},{"start":{"line":36,"column":30},"end":{"line":36,"column":62}}],"line":36},"5":{"loc":{"start":{"line":41,"column":19},"end":{"line":41,"column":64}},"type":"binary-expr","locations":[{"start":{"line":41,"column":20},"end":{"line":41,"column":45}},{"start":{"line":41,"column":50},"end":{"line":41,"column":64}}],"line":41}},"s":{"0":1,"1":1,"2":1,"3":1,"4":2,"5":1,"6":1,"7":0,"8":0,"9":0,"10":1,"11":1,"12":1,"13":0},"f":{"0":1,"1":2,"2":0,"3":0,"4":1,"5":0},"b":{"0":[1,1,1],"1":[1,0],"2":[1,1],"3":[1,0],"4":[0,0],"5":[0,0]},"_coverageSchema":"1a1c01bbd47fc00a2c39e90264f33305004495a9","hash":"33f4de8e398688e7fb019aa658a94570973b2b33"}
,"D:\\tizon\\Documents\\Ciclo X\\tendenciasArqui\\clinicaArqui\\src\\components\\breadcrumb\\styles.ts": {"path":"D:\\tizon\\Documents\\Ciclo X\\tendenciasArqui\\clinicaArqui\\src\\components\\breadcrumb\\styles.ts","statementMap":{"0":{"start":{"line":3,"column":25},"end":{"line":31,"column":1}},"1":{"start":{"line":16,"column":29},"end":{"line":16,"column":67}},"2":{"start":{"line":24,"column":31},"end":{"line":24,"column":57}}},"fnMap":{"0":{"name":"(anonymous_0)","decl":{"start":{"line":16,"column":13},"end":{"line":16,"column":14}},"loc":{"start":{"line":16,"column":29},"end":{"line":16,"column":67}},"line":16},"1":{"name":"(anonymous_1)","decl":{"start":{"line":24,"column":15},"end":{"line":24,"column":16}},"loc":{"start":{"line":24,"column":31},"end":{"line":24,"column":57}},"line":24}},"branchMap":{},"s":{"0":1,"1":1,"2":1},"f":{"0":1,"1":1},"b":{},"_coverageSchema":"1a1c01bbd47fc00a2c39e90264f33305004495a9","hash":"9d9f3520498da91a2c3d452adfad433c68b60243"}
,"D:\\tizon\\Documents\\Ciclo X\\tendenciasArqui\\clinicaArqui\\src\\components\\form\\formEstructure\\index.tsx": {"path":"D:\\tizon\\Documents\\Ciclo X\\tendenciasArqui\\clinicaArqui\\src\\components\\form\\formEstructure\\index.tsx","statementMap":{"0":{"start":{"line":6,"column":2},"end":{"line":22,"column":3}}},"fnMap":{"0":{"name":"FormEstructure","decl":{"start":{"line":5,"column":24},"end":{"line":5,"column":38}},"loc":{"start":{"line":5,"column":131},"end":{"line":23,"column":1}},"line":5}},"branchMap":{"0":{"loc":{"start":{"line":5,"column":74},"end":{"line":5,"column":94}},"type":"default-arg","locations":[{"start":{"line":5,"column":89},"end":{"line":5,"column":94}}],"line":5},"1":{"loc":{"start":{"line":5,"column":96},"end":{"line":5,"column":112}},"type":"default-arg","locations":[{"start":{"line":5,"column":107},"end":{"line":5,"column":112}}],"line":5},"2":{"loc":{"start":{"line":14,"column":9},"end":{"line":18,"column":24}},"type":"binary-expr","locations":[{"start":{"line":14,"column":9},"end":{"line":14,"column":18}},{"start":{"line":15,"column":10},"end":{"line":18,"column":24}}],"line":14},"3":{"loc":{"start":{"line":17,"column":13},"end":{"line":17,"column":53}},"type":"binary-expr","locations":[{"start":{"line":17,"column":13},"end":{"line":17,"column":22}},{"start":{"line":17,"column":26},"end":{"line":17,"column":53}}],"line":17}},"s":{"0":1},"f":{"0":1},"b":{"0":[1],"1":[1],"2":[1,1],"3":[1,0]},"_coverageSchema":"1a1c01bbd47fc00a2c39e90264f33305004495a9","hash":"afd66d106096feaf7e570f0ced126d30f0f448ea"}
,"D:\\tizon\\Documents\\Ciclo X\\tendenciasArqui\\clinicaArqui\\src\\components\\form\\formEstructure\\styles.ts": {"path":"D:\\tizon\\Documents\\Ciclo X\\tendenciasArqui\\clinicaArqui\\src\\components\\form\\formEstructure\\styles.ts","statementMap":{"0":{"start":{"line":3,"column":20},"end":{"line":45,"column":1}},"1":{"start":{"line":46,"column":25},"end":{"line":51,"column":1}}},"fnMap":{},"branchMap":{},"s":{"0":1,"1":1},"f":{},"b":{},"_coverageSchema":"1a1c01bbd47fc00a2c39e90264f33305004495a9","hash":"d25d8f17018404be813cc9b71c0bf1750ab3d670"}
,"D:\\tizon\\Documents\\Ciclo X\\tendenciasArqui\\clinicaArqui\\src\\components\\form\\input\\index.tsx": {"path":"D:\\tizon\\Documents\\Ciclo X\\tendenciasArqui\\clinicaArqui\\src\\components\\form\\input\\index.tsx","statementMap":{"0":{"start":{"line":20,"column":24},"end":{"line":28,"column":1}},"1":{"start":{"line":21,"column":13},"end":{"line":21,"column":43}},"2":{"start":{"line":22,"column":2},"end":{"line":24,"column":3}},"3":{"start":{"line":23,"column":4},"end":{"line":23,"column":24}},"4":{"start":{"line":25,"column":2},"end":{"line":27,"column":3}},"5":{"start":{"line":26,"column":4},"end":{"line":26,"column":24}},"6":{"start":{"line":30,"column":27},"end":{"line":62,"column":2}},"7":{"start":{"line":32,"column":2},"end":{"line":61,"column":6}},"8":{"start":{"line":49,"column":60},"end":{"line":49,"column":88}},"9":{"start":{"line":65,"column":31},"end":{"line":65,"column":39}},"10":{"start":{"line":67,"column":2},"end":{"line":113,"column":6}},"11":{"start":{"line":84,"column":58},"end":{"line":84,"column":86}},"12":{"start":{"line":96,"column":60},"end":{"line":96,"column":88}}},"fnMap":{"0":{"name":"(anonymous_0)","decl":{"start":{"line":20,"column":24},"end":{"line":20,"column":25}},"loc":{"start":{"line":20,"column":51},"end":{"line":28,"column":1}},"line":20},"1":{"name":"(anonymous_1)","decl":{"start":{"line":30,"column":44},"end":{"line":30,"column":45}},"loc":{"start":{"line":30,"column":184},"end":{"line":62,"column":1}},"line":30},"2":{"name":"(anonymous_2)","decl":{"start":{"line":49,"column":46},"end":{"line":49,"column":47}},"loc":{"start":{"line":49,"column":60},"end":{"line":49,"column":88}},"line":49},"3":{"name":"(anonymous_3)","decl":{"start":{"line":49,"column":91},"end":{"line":49,"column":92}},"loc":{"start":{"line":49,"column":97},"end":{"line":49,"column":100}},"line":49},"4":{"name":"Input","decl":{"start":{"line":64,"column":9},"end":{"line":64,"column":14}},"loc":{"start":{"line":64,"column":194},"end":{"line":114,"column":1}},"line":64},"5":{"name":"(anonymous_5)","decl":{"start":{"line":84,"column":44},"end":{"line":84,"column":45}},"loc":{"start":{"line":84,"column":58},"end":{"line":84,"column":86}},"line":84},"6":{"name":"(anonymous_6)","decl":{"start":{"line":84,"column":89},"end":{"line":84,"column":90}},"loc":{"start":{"line":84,"column":95},"end":{"line":84,"column":98}},"line":84},"7":{"name":"(anonymous_7)","decl":{"start":{"line":96,"column":46},"end":{"line":96,"column":47}},"loc":{"start":{"line":96,"column":60},"end":{"line":96,"column":88}},"line":96},"8":{"name":"(anonymous_8)","decl":{"start":{"line":96,"column":91},"end":{"line":96,"column":92}},"loc":{"start":{"line":96,"column":97},"end":{"line":96,"column":100}},"line":96}},"branchMap":{"0":{"loc":{"start":{"line":22,"column":2},"end":{"line":24,"column":3}},"type":"if","locations":[{"start":{"line":22,"column":2},"end":{"line":24,"column":3}},{"start":{},"end":{}}],"line":22},"1":{"loc":{"start":{"line":25,"column":2},"end":{"line":27,"column":3}},"type":"if","locations":[{"start":{"line":25,"column":2},"end":{"line":27,"column":3}},{"start":{},"end":{}}],"line":25},"2":{"loc":{"start":{"line":25,"column":6},"end":{"line":25,"column":59}},"type":"binary-expr","locations":[{"start":{"line":25,"column":6},"end":{"line":25,"column":12}},{"start":{"line":25,"column":16},"end":{"line":25,"column":59}}],"line":25},"3":{"loc":{"start":{"line":30,"column":47},"end":{"line":30,"column":60}},"type":"default-arg","locations":[{"start":{"line":30,"column":54},"end":{"line":30,"column":60}}],"line":30},"4":{"loc":{"start":{"line":30,"column":69},"end":{"line":30,"column":82}},"type":"default-arg","locations":[{"start":{"line":30,"column":77},"end":{"line":30,"column":82}}],"line":30},"5":{"loc":{"start":{"line":30,"column":84},"end":{"line":30,"column":100}},"type":"default-arg","locations":[{"start":{"line":30,"column":95},"end":{"line":30,"column":100}}],"line":30},"6":{"loc":{"start":{"line":30,"column":102},"end":{"line":30,"column":118}},"type":"default-arg","locations":[{"start":{"line":30,"column":113},"end":{"line":30,"column":118}}],"line":30},"7":{"loc":{"start":{"line":30,"column":120},"end":{"line":30,"column":137}},"type":"default-arg","locations":[{"start":{"line":30,"column":132},"end":{"line":30,"column":137}}],"line":30},"8":{"loc":{"start":{"line":30,"column":139},"end":{"line":30,"column":153}},"type":"default-arg","locations":[{"start":{"line":30,"column":148},"end":{"line":30,"column":153}}],"line":30},"9":{"loc":{"start":{"line":35,"column":8},"end":{"line":54,"column":12}},"type":"cond-expr","locations":[{"start":{"line":37,"column":10},"end":{"line":44,"column":12}},{"start":{"line":46,"column":10},"end":{"line":54,"column":12}}],"line":35},"10":{"loc":{"start":{"line":49,"column":24},"end":{"line":49,"column":100}},"type":"cond-expr","locations":[{"start":{"line":49,"column":46},"end":{"line":49,"column":88}},{"start":{"line":49,"column":91},"end":{"line":49,"column":100}}],"line":49},"11":{"loc":{"start":{"line":58,"column":9},"end":{"line":58,"column":37}},"type":"binary-expr","locations":[{"start":{"line":58,"column":10},"end":{"line":58,"column":18}},{"start":{"line":58,"column":23},"end":{"line":58,"column":37}}],"line":58},"12":{"loc":{"start":{"line":64,"column":17},"end":{"line":64,"column":27}},"type":"default-arg","locations":[{"start":{"line":64,"column":25},"end":{"line":64,"column":27}}],"line":64},"13":{"loc":{"start":{"line":64,"column":36},"end":{"line":64,"column":49}},"type":"default-arg","locations":[{"start":{"line":64,"column":43},"end":{"line":64,"column":49}}],"line":64},"14":{"loc":{"start":{"line":64,"column":79},"end":{"line":64,"column":95}},"type":"default-arg","locations":[{"start":{"line":64,"column":90},"end":{"line":64,"column":95}}],"line":64},"15":{"loc":{"start":{"line":64,"column":97},"end":{"line":64,"column":113}},"type":"default-arg","locations":[{"start":{"line":64,"column":111},"end":{"line":64,"column":113}}],"line":64},"16":{"loc":{"start":{"line":64,"column":123},"end":{"line":64,"column":140}},"type":"default-arg","locations":[{"start":{"line":64,"column":135},"end":{"line":64,"column":140}}],"line":64},"17":{"loc":{"start":{"line":64,"column":142},"end":{"line":64,"column":156}},"type":"default-arg","locations":[{"start":{"line":64,"column":151},"end":{"line":64,"column":156}}],"line":64},"18":{"loc":{"start":{"line":69,"column":7},"end":{"line":101,"column":12}},"type":"cond-expr","locations":[{"start":{"line":70,"column":10},"end":{"line":77,"column":10}},{"start":{"line":78,"column":10},"end":{"line":101,"column":12}}],"line":69},"19":{"loc":{"start":{"line":78,"column":10},"end":{"line":101,"column":12}},"type":"cond-expr","locations":[{"start":{"line":78,"column":23},"end":{"line":90,"column":10}},{"start":{"line":91,"column":12},"end":{"line":101,"column":12}}],"line":78},"20":{"loc":{"start":{"line":84,"column":22},"end":{"line":84,"column":98}},"type":"cond-expr","locations":[{"start":{"line":84,"column":44},"end":{"line":84,"column":86}},{"start":{"line":84,"column":89},"end":{"line":84,"column":98}}],"line":84},"21":{"loc":{"start":{"line":96,"column":24},"end":{"line":96,"column":100}},"type":"cond-expr","locations":[{"start":{"line":96,"column":46},"end":{"line":96,"column":88}},{"start":{"line":96,"column":91},"end":{"line":96,"column":100}}],"line":96},"22":{"loc":{"start":{"line":105,"column":9},"end":{"line":105,"column":37}},"type":"binary-expr","locations":[{"start":{"line":105,"column":10},"end":{"line":105,"column":18}},{"start":{"line":105,"column":23},"end":{"line":105,"column":37}}],"line":105},"23":{"loc":{"start":{"line":108,"column":5},"end":{"line":111,"column":19}},"type":"binary-expr","locations":[{"start":{"line":108,"column":5},"end":{"line":108,"column":18}},{"start":{"line":109,"column":6},"end":{"line":111,"column":19}}],"line":108}},"s":{"0":2,"1":0,"2":0,"3":0,"4":0,"5":0,"6":2,"7":4,"8":0,"9":2,"10":2,"11":0,"12":0},"f":{"0":0,"1":4,"2":0,"3":0,"4":2,"5":0,"6":0,"7":0,"8":0},"b":{"0":[0,0],"1":[0,0],"2":[0,0],"3":[2],"4":[2],"5":[2],"6":[3],"7":[2],"8":[4],"9":[1,3],"10":[1,2],"11":[4,0],"12":[2],"13":[1],"14":[2],"15":[2],"16":[2],"17":[1],"18":[0,2],"19":[0,2],"20":[0,0],"21":[1,1],"22":[2,0],"23":[2,0]},"_coverageSchema":"1a1c01bbd47fc00a2c39e90264f33305004495a9","hash":"c1ad4b09859f43a935fbf8601067d5ff3c898cb0"}
,"D:\\tizon\\Documents\\Ciclo X\\tendenciasArqui\\clinicaArqui\\src\\components\\form\\input\\styles.ts": {"path":"D:\\tizon\\Documents\\Ciclo X\\tendenciasArqui\\clinicaArqui\\src\\components\\form\\input\\styles.ts","statementMap":{"0":{"start":{"line":3,"column":30},"end":{"line":51,"column":1}},"1":{"start":{"line":33,"column":24},"end":{"line":33,"column":51}},"2":{"start":{"line":36,"column":4},"end":{"line":40,"column":5}},"3":{"start":{"line":37,"column":6},"end":{"line":39,"column":7}},"4":{"start":{"line":43,"column":4},"end":{"line":49,"column":5}},"5":{"start":{"line":44,"column":6},"end":{"line":48,"column":7}},"6":{"start":{"line":53,"column":21},"end":{"line":64,"column":1}},"7":{"start":{"line":58,"column":27},"end":{"line":58,"column":66}},"8":{"start":{"line":66,"column":25},"end":{"line":98,"column":1}},"9":{"start":{"line":84,"column":4},"end":{"line":88,"column":5}},"10":{"start":{"line":85,"column":6},"end":{"line":87,"column":7}},"11":{"start":{"line":91,"column":4},"end":{"line":96,"column":5}},"12":{"start":{"line":92,"column":6},"end":{"line":95,"column":7}},"13":{"start":{"line":100,"column":26},"end":{"line":104,"column":1}}},"fnMap":{"0":{"name":"(anonymous_0)","decl":{"start":{"line":33,"column":13},"end":{"line":33,"column":14}},"loc":{"start":{"line":33,"column":24},"end":{"line":33,"column":51}},"line":33},"1":{"name":"(anonymous_1)","decl":{"start":{"line":35,"column":4},"end":{"line":35,"column":5}},"loc":{"start":{"line":35,"column":20},"end":{"line":41,"column":3}},"line":35},"2":{"name":"(anonymous_2)","decl":{"start":{"line":42,"column":4},"end":{"line":42,"column":5}},"loc":{"start":{"line":42,"column":20},"end":{"line":50,"column":3}},"line":42},"3":{"name":"(anonymous_3)","decl":{"start":{"line":58,"column":11},"end":{"line":58,"column":12}},"loc":{"start":{"line":58,"column":27},"end":{"line":58,"column":66}},"line":58},"4":{"name":"(anonymous_4)","decl":{"start":{"line":83,"column":4},"end":{"line":83,"column":5}},"loc":{"start":{"line":83,"column":20},"end":{"line":89,"column":3}},"line":83},"5":{"name":"(anonymous_5)","decl":{"start":{"line":90,"column":4},"end":{"line":90,"column":5}},"loc":{"start":{"line":90,"column":20},"end":{"line":97,"column":3}},"line":90}},"branchMap":{"0":{"loc":{"start":{"line":36,"column":4},"end":{"line":40,"column":5}},"type":"if","locations":[{"start":{"line":36,"column":4},"end":{"line":40,"column":5}},{"start":{},"end":{}}],"line":36},"1":{"loc":{"start":{"line":43,"column":4},"end":{"line":49,"column":5}},"type":"if","locations":[{"start":{"line":43,"column":4},"end":{"line":49,"column":5}},{"start":{},"end":{}}],"line":43},"2":{"loc":{"start":{"line":84,"column":4},"end":{"line":88,"column":5}},"type":"if","locations":[{"start":{"line":84,"column":4},"end":{"line":88,"column":5}},{"start":{},"end":{}}],"line":84},"3":{"loc":{"start":{"line":91,"column":4},"end":{"line":96,"column":5}},"type":"if","locations":[{"start":{"line":91,"column":4},"end":{"line":96,"column":5}},{"start":{},"end":{}}],"line":91}},"s":{"0":2,"1":6,"2":6,"3":1,"4":6,"5":1,"6":2,"7":6,"8":2,"9":6,"10":1,"11":6,"12":1,"13":2},"f":{"0":6,"1":6,"2":6,"3":6,"4":6,"5":6},"b":{"0":[1,5],"1":[1,5],"2":[1,5],"3":[1,5]},"_coverageSchema":"1a1c01bbd47fc00a2c39e90264f33305004495a9","hash":"0ab9a53a2ddb8254d7d09b13e0e38d3dea7100b3"}
,"D:\\tizon\\Documents\\Ciclo X\\tendenciasArqui\\clinicaArqui\\src\\components\\form\\selectWithInput\\index.tsx": {"path":"D:\\tizon\\Documents\\Ciclo X\\tendenciasArqui\\clinicaArqui\\src\\components\\form\\selectWithInput\\index.tsx","statementMap":{"0":{"start":{"line":8,"column":42},"end":{"line":8,"column":58}},"1":{"start":{"line":9,"column":21},"end":{"line":9,"column":33}},"2":{"start":{"line":11,"column":22},"end":{"line":17,"column":3}},"3":{"start":{"line":12,"column":18},"end":{"line":12,"column":46}},"4":{"start":{"line":13,"column":4},"end":{"line":13,"column":94}},"5":{"start":{"line":13,"column":49},"end":{"line":13,"column":92}},"6":{"start":{"line":14,"column":4},"end":{"line":16,"column":5}},"7":{"start":{"line":15,"column":6},"end":{"line":15,"column":33}},"8":{"start":{"line":19,"column":22},"end":{"line":26,"column":3}},"9":{"start":{"line":20,"column":4},"end":{"line":20,"column":27}},"10":{"start":{"line":21,"column":4},"end":{"line":25,"column":5}},"11":{"start":{"line":22,"column":6},"end":{"line":22,"column":40}},"12":{"start":{"line":24,"column":6},"end":{"line":24,"column":42}},"13":{"start":{"line":28,"column":2},"end":{"line":30,"column":14}},"14":{"start":{"line":29,"column":4},"end":{"line":29,"column":27}},"15":{"start":{"line":32,"column":2},"end":{"line":43,"column":19}},"16":{"start":{"line":33,"column":4},"end":{"line":41,"column":5}},"17":{"start":{"line":34,"column":6},"end":{"line":34,"column":33}},"18":{"start":{"line":35,"column":6},"end":{"line":39,"column":7}},"19":{"start":{"line":36,"column":8},"end":{"line":36,"column":30}},"20":{"start":{"line":38,"column":8},"end":{"line":38,"column":32}},"21":{"start":{"line":40,"column":6},"end":{"line":40,"column":12}},"22":{"start":{"line":42,"column":4},"end":{"line":42,"column":28}},"23":{"start":{"line":45,"column":2},"end":{"line":47,"column":8}},"24":{"start":{"line":46,"column":4},"end":{"line":46,"column":44}},"25":{"start":{"line":46,"column":17},"end":{"line":46,"column":44}},"26":{"start":{"line":49,"column":2},"end":{"line":84,"column":6}},"27":{"start":{"line":68,"column":10},"end":{"line":74,"column":16}},"28":{"start":{"line":70,"column":27},"end":{"line":70,"column":45}}},"fnMap":{"0":{"name":"SelectWithInput","decl":{"start":{"line":7,"column":9},"end":{"line":7,"column":24}},"loc":{"start":{"line":7,"column":204},"end":{"line":85,"column":1}},"line":7},"1":{"name":"(anonymous_1)","decl":{"start":{"line":11,"column":22},"end":{"line":11,"column":23}},"loc":{"start":{"line":11,"column":34},"end":{"line":17,"column":3}},"line":11},"2":{"name":"(anonymous_2)","decl":{"start":{"line":13,"column":34},"end":{"line":13,"column":35}},"loc":{"start":{"line":13,"column":49},"end":{"line":13,"column":92}},"line":13},"3":{"name":"(anonymous_3)","decl":{"start":{"line":19,"column":22},"end":{"line":19,"column":23}},"loc":{"start":{"line":19,"column":38},"end":{"line":26,"column":3}},"line":19},"4":{"name":"(anonymous_4)","decl":{"start":{"line":28,"column":12},"end":{"line":28,"column":13}},"loc":{"start":{"line":28,"column":18},"end":{"line":30,"column":3}},"line":28},"5":{"name":"(anonymous_5)","decl":{"start":{"line":32,"column":12},"end":{"line":32,"column":13}},"loc":{"start":{"line":32,"column":18},"end":{"line":43,"column":3}},"line":32},"6":{"name":"(anonymous_6)","decl":{"start":{"line":45,"column":12},"end":{"line":45,"column":13}},"loc":{"start":{"line":45,"column":18},"end":{"line":47,"column":3}},"line":45},"7":{"name":"(anonymous_7)","decl":{"start":{"line":46,"column":11},"end":{"line":46,"column":12}},"loc":{"start":{"line":46,"column":17},"end":{"line":46,"column":44}},"line":46},"8":{"name":"(anonymous_8)","decl":{"start":{"line":67,"column":41},"end":{"line":67,"column":42}},"loc":{"start":{"line":68,"column":10},"end":{"line":74,"column":16}},"line":68},"9":{"name":"(anonymous_9)","decl":{"start":{"line":70,"column":21},"end":{"line":70,"column":22}},"loc":{"start":{"line":70,"column":27},"end":{"line":70,"column":45}},"line":70}},"branchMap":{"0":{"loc":{"start":{"line":7,"column":35},"end":{"line":7,"column":58}},"type":"default-arg","locations":[{"start":{"line":7,"column":49},"end":{"line":7,"column":58}}],"line":7},"1":{"loc":{"start":{"line":7,"column":85},"end":{"line":7,"column":101}},"type":"default-arg","locations":[{"start":{"line":7,"column":95},"end":{"line":7,"column":101}}],"line":7},"2":{"loc":{"start":{"line":7,"column":103},"end":{"line":7,"column":115}},"type":"default-arg","locations":[{"start":{"line":7,"column":110},"end":{"line":7,"column":115}}],"line":7},"3":{"loc":{"start":{"line":7,"column":117},"end":{"line":7,"column":130}},"type":"default-arg","locations":[{"start":{"line":7,"column":125},"end":{"line":7,"column":130}}],"line":7},"4":{"loc":{"start":{"line":7,"column":132},"end":{"line":7,"column":148}},"type":"default-arg","locations":[{"start":{"line":7,"column":143},"end":{"line":7,"column":148}}],"line":7},"5":{"loc":{"start":{"line":7,"column":150},"end":{"line":7,"column":166}},"type":"default-arg","locations":[{"start":{"line":7,"column":161},"end":{"line":7,"column":166}}],"line":7},"6":{"loc":{"start":{"line":7,"column":168},"end":{"line":7,"column":185}},"type":"default-arg","locations":[{"start":{"line":7,"column":180},"end":{"line":7,"column":185}}],"line":7},"7":{"loc":{"start":{"line":14,"column":4},"end":{"line":16,"column":5}},"type":"if","locations":[{"start":{"line":14,"column":4},"end":{"line":16,"column":5}},{"start":{},"end":{}}],"line":14},"8":{"loc":{"start":{"line":21,"column":4},"end":{"line":25,"column":5}},"type":"if","locations":[{"start":{"line":21,"column":4},"end":{"line":25,"column":5}},{"start":{"line":23,"column":11},"end":{"line":25,"column":5}}],"line":21},"9":{"loc":{"start":{"line":33,"column":4},"end":{"line":41,"column":5}},"type":"if","locations":[{"start":{"line":33,"column":4},"end":{"line":41,"column":5}},{"start":{},"end":{}}],"line":33},"10":{"loc":{"start":{"line":35,"column":6},"end":{"line":39,"column":7}},"type":"if","locations":[{"start":{"line":35,"column":6},"end":{"line":39,"column":7}},{"start":{"line":37,"column":13},"end":{"line":39,"column":7}}],"line":35},"11":{"loc":{"start":{"line":60,"column":17},"end":{"line":60,"column":29}},"type":"binary-expr","locations":[{"start":{"line":60,"column":17},"end":{"line":60,"column":20}},{"start":{"line":60,"column":24},"end":{"line":60,"column":29}}],"line":60},"12":{"loc":{"start":{"line":67,"column":9},"end":{"line":75,"column":26}},"type":"cond-expr","locations":[{"start":{"line":67,"column":24},"end":{"line":74,"column":17}},{"start":{"line":75,"column":12},"end":{"line":75,"column":26}}],"line":67},"13":{"loc":{"start":{"line":71,"column":39},"end":{"line":71,"column":74}},"type":"cond-expr","locations":[{"start":{"line":71,"column":51},"end":{"line":71,"column":62}},{"start":{"line":71,"column":65},"end":{"line":71,"column":74}}],"line":71},"14":{"loc":{"start":{"line":78,"column":7},"end":{"line":81,"column":21}},"type":"binary-expr","locations":[{"start":{"line":78,"column":7},"end":{"line":78,"column":12}},{"start":{"line":79,"column":8},"end":{"line":81,"column":21}}],"line":78}},"s":{"0":1,"1":1,"2":1,"3":0,"4":0,"5":0,"6":0,"7":0,"8":1,"9":1,"10":1,"11":0,"12":1,"13":1,"14":1,"15":1,"16":1,"17":0,"18":0,"19":0,"20":0,"21":0,"22":1,"23":1,"24":1,"25":1,"26":1,"27":1,"28":0},"f":{"0":1,"1":0,"2":0,"3":1,"4":1,"5":1,"6":1,"7":1,"8":1,"9":0},"b":{"0":[0],"1":[1],"2":[1],"3":[1],"4":[1],"5":[1],"6":[1],"7":[0,0],"8":[0,1],"9":[0,1],"10":[0,0],"11":[1,1],"12":[1,0],"13":[0,1],"14":[1,0]},"_coverageSchema":"1a1c01bbd47fc00a2c39e90264f33305004495a9","hash":"c689b02077c768ecf87397ed2b09d389a817ef09"}
,"D:\\tizon\\Documents\\Ciclo X\\tendenciasArqui\\clinicaArqui\\src\\components\\loader\\spinLoader\\index.tsx": {"path":"D:\\tizon\\Documents\\Ciclo X\\tendenciasArqui\\clinicaArqui\\src\\components\\loader\\spinLoader\\index.tsx","statementMap":{"0":{"start":{"line":4,"column":2},"end":{"line":8,"column":6}}},"fnMap":{"0":{"name":"SpinLoader","decl":{"start":{"line":3,"column":24},"end":{"line":3,"column":34}},"loc":{"start":{"line":3,"column":76},"end":{"line":9,"column":1}},"line":3}},"branchMap":{"0":{"loc":{"start":{"line":3,"column":37},"end":{"line":3,"column":51}},"type":"default-arg","locations":[{"start":{"line":3,"column":45},"end":{"line":3,"column":51}}],"line":3},"1":{"loc":{"start":{"line":3,"column":53},"end":{"line":3,"column":67}},"type":"default-arg","locations":[{"start":{"line":3,"column":61},"end":{"line":3,"column":67}}],"line":3}},"s":{"0":1},"f":{"0":1},"b":{"0":[1],"1":[1]},"_coverageSchema":"1a1c01bbd47fc00a2c39e90264f33305004495a9","hash":"f520b007322579e617fed4284bd8e5e1612fc2bd"}
,"D:\\tizon\\Documents\\Ciclo X\\tendenciasArqui\\clinicaArqui\\src\\components\\loader\\spinLoader\\styles.ts": {"path":"D:\\tizon\\Documents\\Ciclo X\\tendenciasArqui\\clinicaArqui\\src\\components\\loader\\spinLoader\\styles.ts","statementMap":{"0":{"start":{"line":3,"column":25},"end":{"line":10,"column":1}},"1":{"start":{"line":12,"column":29},"end":{"line":22,"column":1}},"2":{"start":{"line":15,"column":22},"end":{"line":15,"column":33}},"3":{"start":{"line":16,"column":23},"end":{"line":16,"column":34}},"4":{"start":{"line":18,"column":33},"end":{"line":18,"column":44}}},"fnMap":{"0":{"name":"(anonymous_0)","decl":{"start":{"line":15,"column":13},"end":{"line":15,"column":14}},"loc":{"start":{"line":15,"column":22},"end":{"line":15,"column":33}},"line":15},"1":{"name":"(anonymous_1)","decl":{"start":{"line":16,"column":14},"end":{"line":16,"column":15}},"loc":{"start":{"line":16,"column":23},"end":{"line":16,"column":34}},"line":16},"2":{"name":"(anonymous_2)","decl":{"start":{"line":18,"column":24},"end":{"line":18,"column":25}},"loc":{"start":{"line":18,"column":33},"end":{"line":18,"column":44}},"line":18}},"branchMap":{},"s":{"0":3,"1":3,"2":1,"3":1,"4":1},"f":{"0":1,"1":1,"2":1},"b":{},"_coverageSchema":"1a1c01bbd47fc00a2c39e90264f33305004495a9","hash":"7d31a84e50777eaebe09f917f33e5bb374a49b8c"}
,"D:\\tizon\\Documents\\Ciclo X\\tendenciasArqui\\clinicaArqui\\src\\components\\menu\\index.tsx": {"path":"D:\\tizon\\Documents\\Ciclo X\\tendenciasArqui\\clinicaArqui\\src\\components\\menu\\index.tsx","statementMap":{"0":{"start":{"line":14,"column":34},"end":{"line":14,"column":50}},"1":{"start":{"line":15,"column":23},"end":{"line":15,"column":46}},"2":{"start":{"line":16,"column":36},"end":{"line":16,"column":48}},"3":{"start":{"line":18,"column":29},"end":{"line":23,"column":3}},"4":{"start":{"line":19,"column":22},"end":{"line":19,"column":50}},"5":{"start":{"line":20,"column":4},"end":{"line":22,"column":5}},"6":{"start":{"line":21,"column":6},"end":{"line":21,"column":24}},"7":{"start":{"line":24,"column":2},"end":{"line":30,"column":18}},"8":{"start":{"line":25,"column":4},"end":{"line":25,"column":60}},"9":{"start":{"line":27,"column":4},"end":{"line":29,"column":5}},"10":{"start":{"line":28,"column":6},"end":{"line":28,"column":67}},"11":{"start":{"line":32,"column":2},"end":{"line":77,"column":6}},"12":{"start":{"line":40,"column":42},"end":{"line":40,"column":64}},"13":{"start":{"line":74,"column":29},"end":{"line":74,"column":51}}},"fnMap":{"0":{"name":"MenuClinica","decl":{"start":{"line":13,"column":24},"end":{"line":13,"column":35}},"loc":{"start":{"line":13,"column":60},"end":{"line":78,"column":1}},"line":13},"1":{"name":"(anonymous_1)","decl":{"start":{"line":18,"column":29},"end":{"line":18,"column":30}},"loc":{"start":{"line":18,"column":45},"end":{"line":23,"column":3}},"line":18},"2":{"name":"(anonymous_2)","decl":{"start":{"line":24,"column":12},"end":{"line":24,"column":13}},"loc":{"start":{"line":24,"column":18},"end":{"line":30,"column":3}},"line":24},"3":{"name":"(anonymous_3)","decl":{"start":{"line":27,"column":11},"end":{"line":27,"column":12}},"loc":{"start":{"line":27,"column":17},"end":{"line":29,"column":5}},"line":27},"4":{"name":"(anonymous_4)","decl":{"start":{"line":40,"column":36},"end":{"line":40,"column":37}},"loc":{"start":{"line":40,"column":42},"end":{"line":40,"column":64}},"line":40},"5":{"name":"(anonymous_5)","decl":{"start":{"line":74,"column":23},"end":{"line":74,"column":24}},"loc":{"start":{"line":74,"column":29},"end":{"line":74,"column":51}},"line":74}},"branchMap":{"0":{"loc":{"start":{"line":13,"column":38},"end":{"line":13,"column":51}},"type":"default-arg","locations":[{"start":{"line":13,"column":47},"end":{"line":13,"column":51}}],"line":13},"1":{"loc":{"start":{"line":20,"column":4},"end":{"line":22,"column":5}},"type":"if","locations":[{"start":{"line":20,"column":4},"end":{"line":22,"column":5}},{"start":{},"end":{}}],"line":20},"2":{"loc":{"start":{"line":20,"column":8},"end":{"line":20,"column":127}},"type":"binary-expr","locations":[{"start":{"line":20,"column":8},"end":{"line":20,"column":16}},{"start":{"line":20,"column":20},"end":{"line":20,"column":31}},{"start":{"line":20,"column":35},"end":{"line":20,"column":70}},{"start":{"line":20,"column":74},"end":{"line":20,"column":99}},{"start":{"line":20,"column":103},"end":{"line":20,"column":127}}],"line":20},"3":{"loc":{"start":{"line":44,"column":10},"end":{"line":51,"column":24}},"type":"binary-expr","locations":[{"start":{"line":44,"column":11},"end":{"line":44,"column":19}},{"start":{"line":44,"column":23},"end":{"line":44,"column":50}},{"start":{"line":45,"column":10},"end":{"line":51,"column":24}}],"line":44},"4":{"loc":{"start":{"line":58,"column":12},"end":{"line":59,"column":89}},"type":"binary-expr","locations":[{"start":{"line":58,"column":13},"end":{"line":58,"column":21}},{"start":{"line":58,"column":25},"end":{"line":58,"column":52}},{"start":{"line":59,"column":12},"end":{"line":59,"column":89}}],"line":58},"5":{"loc":{"start":{"line":62,"column":12},"end":{"line":65,"column":15}},"type":"binary-expr","locations":[{"start":{"line":62,"column":13},"end":{"line":62,"column":21}},{"start":{"line":62,"column":25},"end":{"line":62,"column":52}},{"start":{"line":62,"column":57},"end":{"line":65,"column":15}}],"line":62},"6":{"loc":{"start":{"line":68,"column":12},"end":{"line":69,"column":82}},"type":"binary-expr","locations":[{"start":{"line":68,"column":13},"end":{"line":68,"column":21}},{"start":{"line":68,"column":25},"end":{"line":68,"column":52}},{"start":{"line":69,"column":12},"end":{"line":69,"column":82}}],"line":68}},"s":{"0":4,"1":4,"2":4,"3":4,"4":0,"5":0,"6":0,"7":4,"8":4,"9":4,"10":4,"11":4,"12":0,"13":0},"f":{"0":4,"1":0,"2":4,"3":4,"4":0,"5":0},"b":{"0":[3],"1":[0,0],"2":[0,0,0,0,0],"3":[4,0,0],"4":[4,0,0],"5":[4,0,0],"6":[4,0,0]},"_coverageSchema":"1a1c01bbd47fc00a2c39e90264f33305004495a9","hash":"8e014db40196623283783331ec4ce29de41de566"}
,"D:\\tizon\\Documents\\Ciclo X\\tendenciasArqui\\clinicaArqui\\src\\components\\menu\\styles.ts": {"path":"D:\\tizon\\Documents\\Ciclo X\\tendenciasArqui\\clinicaArqui\\src\\components\\menu\\styles.ts","statementMap":{"0":{"start":{"line":5,"column":29},"end":{"line":141,"column":1}},"1":{"start":{"line":47,"column":4},"end":{"line":107,"column":5}},"2":{"start":{"line":48,"column":6},"end":{"line":59,"column":7}},"3":{"start":{"line":61,"column":6},"end":{"line":106,"column":7}},"4":{"start":{"line":123,"column":4},"end":{"line":138,"column":5}},"5":{"start":{"line":124,"column":6},"end":{"line":130,"column":9}},"6":{"start":{"line":132,"column":6},"end":{"line":137,"column":9}},"7":{"start":{"line":143,"column":27},"end":{"line":164,"column":1}},"8":{"start":{"line":165,"column":24},"end":{"line":178,"column":1}},"9":{"start":{"line":176,"column":29},"end":{"line":176,"column":67}}},"fnMap":{"0":{"name":"(anonymous_0)","decl":{"start":{"line":46,"column":4},"end":{"line":46,"column":5}},"loc":{"start":{"line":46,"column":15},"end":{"line":108,"column":3}},"line":46},"1":{"name":"(anonymous_1)","decl":{"start":{"line":122,"column":6},"end":{"line":122,"column":7}},"loc":{"start":{"line":122,"column":17},"end":{"line":139,"column":3}},"line":122},"2":{"name":"(anonymous_2)","decl":{"start":{"line":176,"column":13},"end":{"line":176,"column":14}},"loc":{"start":{"line":176,"column":29},"end":{"line":176,"column":67}},"line":176}},"branchMap":{"0":{"loc":{"start":{"line":47,"column":4},"end":{"line":107,"column":5}},"type":"if","locations":[{"start":{"line":47,"column":4},"end":{"line":107,"column":5}},{"start":{"line":60,"column":11},"end":{"line":107,"column":5}}],"line":47},"1":{"loc":{"start":{"line":123,"column":4},"end":{"line":138,"column":5}},"type":"if","locations":[{"start":{"line":123,"column":4},"end":{"line":138,"column":5}},{"start":{"line":131,"column":11},"end":{"line":138,"column":5}}],"line":123}},"s":{"0":2,"1":4,"2":3,"3":1,"4":4,"5":3,"6":1,"7":2,"8":2,"9":4},"f":{"0":4,"1":4,"2":4},"b":{"0":[3,1],"1":[3,1]},"_coverageSchema":"1a1c01bbd47fc00a2c39e90264f33305004495a9","hash":"275cad9773891099cc6ecb461e0dc5ffd54aa214"}
,"D:\\tizon\\Documents\\Ciclo X\\tendenciasArqui\\clinicaArqui\\src\\components\\menu\\menuItem\\index.tsx": {"path":"D:\\tizon\\Documents\\Ciclo X\\tendenciasArqui\\clinicaArqui\\src\\components\\menu\\menuItem\\index.tsx","statementMap":{"0":{"start":{"line":7,"column":16},"end":{"line":14,"column":1}},"1":{"start":{"line":8,"column":2},"end":{"line":13,"column":23}},"2":{"start":{"line":10,"column":33},"end":{"line":10,"column":69}},"3":{"start":{"line":17,"column":40},"end":{"line":17,"column":55}},"4":{"start":{"line":19,"column":19},"end":{"line":19,"column":32}},"5":{"start":{"line":20,"column":23},"end":{"line":20,"column":31}},"6":{"start":{"line":22,"column":2},"end":{"line":26,"column":21}},"7":{"start":{"line":23,"column":4},"end":{"line":25,"column":5}},"8":{"start":{"line":24,"column":6},"end":{"line":24,"column":27}},"9":{"start":{"line":28,"column":2},"end":{"line":64,"column":6}},"10":{"start":{"line":35,"column":16},"end":{"line":35,"column":44}},"11":{"start":{"line":36,"column":16},"end":{"line":36,"column":39}}},"fnMap":{"0":{"name":"(anonymous_0)","decl":{"start":{"line":7,"column":16},"end":{"line":7,"column":17}},"loc":{"start":{"line":7,"column":43},"end":{"line":14,"column":1}},"line":7},"1":{"name":"(anonymous_1)","decl":{"start":{"line":10,"column":15},"end":{"line":10,"column":16}},"loc":{"start":{"line":10,"column":33},"end":{"line":10,"column":69}},"line":10},"2":{"name":"MenuItem","decl":{"start":{"line":16,"column":24},"end":{"line":16,"column":32}},"loc":{"start":{"line":16,"column":119},"end":{"line":65,"column":1}},"line":16},"3":{"name":"(anonymous_3)","decl":{"start":{"line":16,"column":91},"end":{"line":16,"column":92}},"loc":{"start":{"line":16,"column":97},"end":{"line":16,"column":100}},"line":16},"4":{"name":"(anonymous_4)","decl":{"start":{"line":22,"column":12},"end":{"line":22,"column":13}},"loc":{"start":{"line":22,"column":18},"end":{"line":26,"column":3}},"line":22},"5":{"name":"(anonymous_5)","decl":{"start":{"line":34,"column":23},"end":{"line":34,"column":24}},"loc":{"start":{"line":34,"column":29},"end":{"line":37,"column":15}},"line":34}},"branchMap":{"0":{"loc":{"start":{"line":10,"column":33},"end":{"line":10,"column":69}},"type":"cond-expr","locations":[{"start":{"line":10,"column":44},"end":{"line":10,"column":57}},{"start":{"line":10,"column":60},"end":{"line":10,"column":69}}],"line":10},"1":{"loc":{"start":{"line":16,"column":52},"end":{"line":16,"column":70}},"type":"default-arg","locations":[{"start":{"line":16,"column":68},"end":{"line":16,"column":70}}],"line":16},"2":{"loc":{"start":{"line":16,"column":72},"end":{"line":16,"column":100}},"type":"default-arg","locations":[{"start":{"line":16,"column":91},"end":{"line":16,"column":100}}],"line":16},"3":{"loc":{"start":{"line":23,"column":4},"end":{"line":25,"column":5}},"type":"if","locations":[{"start":{"line":23,"column":4},"end":{"line":25,"column":5}},{"start":{},"end":{}}],"line":23},"4":{"loc":{"start":{"line":31,"column":8},"end":{"line":61,"column":15}},"type":"cond-expr","locations":[{"start":{"line":32,"column":10},"end":{"line":52,"column":13}},{"start":{"line":54,"column":10},"end":{"line":61,"column":15}}],"line":31},"5":{"loc":{"start":{"line":38,"column":22},"end":{"line":38,"column":106}},"type":"cond-expr","locations":[{"start":{"line":38,"column":94},"end":{"line":38,"column":98}},{"start":{"line":38,"column":101},"end":{"line":38,"column":106}}],"line":38},"6":{"loc":{"start":{"line":49,"column":49},"end":{"line":49,"column":69}},"type":"binary-expr","locations":[{"start":{"line":49,"column":49},"end":{"line":49,"column":64}},{"start":{"line":49,"column":68},"end":{"line":49,"column":69}}],"line":49},"7":{"loc":{"start":{"line":57,"column":46},"end":{"line":57,"column":72}},"type":"binary-expr","locations":[{"start":{"line":57,"column":46},"end":{"line":57,"column":50}},{"start":{"line":57,"column":54},"end":{"line":57,"column":72}}],"line":57}},"s":{"0":2,"1":0,"2":0,"3":0,"4":0,"5":0,"6":0,"7":0,"8":0,"9":0,"10":0,"11":0},"f":{"0":0,"1":0,"2":0,"3":0,"4":0,"5":0},"b":{"0":[0,0],"1":[0],"2":[0],"3":[0,0],"4":[0,0],"5":[0,0],"6":[0,0],"7":[0,0]},"_coverageSchema":"1a1c01bbd47fc00a2c39e90264f33305004495a9","hash":"4c9f6fb26584bdbd282cdfccb36128f8265aeccc"}
,"D:\\tizon\\Documents\\Ciclo X\\tendenciasArqui\\clinicaArqui\\src\\components\\menu\\menuItem\\styles.ts": {"path":"D:\\tizon\\Documents\\Ciclo X\\tendenciasArqui\\clinicaArqui\\src\\components\\menu\\menuItem\\styles.ts","statementMap":{"0":{"start":{"line":3,"column":33},"end":{"line":57,"column":1}},"1":{"start":{"line":12,"column":28},"end":{"line":12,"column":49}},"2":{"start":{"line":36,"column":28},"end":{"line":36,"column":63}},"3":{"start":{"line":59,"column":23},"end":{"line":65,"column":1}},"4":{"start":{"line":63,"column":29},"end":{"line":63,"column":71}},"5":{"start":{"line":67,"column":25},"end":{"line":103,"column":1}},"6":{"start":{"line":74,"column":4},"end":{"line":78,"column":23}},"7":{"start":{"line":83,"column":4},"end":{"line":83,"column":49}},"8":{"start":{"line":87,"column":4},"end":{"line":89,"column":29}},"9":{"start":{"line":96,"column":22},"end":{"line":96,"column":61}}},"fnMap":{"0":{"name":"(anonymous_0)","decl":{"start":{"line":12,"column":17},"end":{"line":12,"column":18}},"loc":{"start":{"line":12,"column":28},"end":{"line":12,"column":49}},"line":12},"1":{"name":"(anonymous_1)","decl":{"start":{"line":36,"column":17},"end":{"line":36,"column":18}},"loc":{"start":{"line":36,"column":28},"end":{"line":36,"column":63}},"line":36},"2":{"name":"(anonymous_2)","decl":{"start":{"line":63,"column":12},"end":{"line":63,"column":13}},"loc":{"start":{"line":63,"column":29},"end":{"line":63,"column":71}},"line":63},"3":{"name":"(anonymous_3)","decl":{"start":{"line":73,"column":25},"end":{"line":73,"column":26}},"loc":{"start":{"line":74,"column":4},"end":{"line":78,"column":23}},"line":74},"4":{"name":"(anonymous_4)","decl":{"start":{"line":82,"column":13},"end":{"line":82,"column":14}},"loc":{"start":{"line":83,"column":4},"end":{"line":83,"column":49}},"line":83},"5":{"name":"(anonymous_5)","decl":{"start":{"line":86,"column":13},"end":{"line":86,"column":14}},"loc":{"start":{"line":87,"column":4},"end":{"line":89,"column":29}},"line":87},"6":{"name":"(anonymous_6)","decl":{"start":{"line":96,"column":10},"end":{"line":96,"column":11}},"loc":{"start":{"line":96,"column":22},"end":{"line":96,"column":61}},"line":96}},"branchMap":{"0":{"loc":{"start":{"line":63,"column":29},"end":{"line":63,"column":71}},"type":"cond-expr","locations":[{"start":{"line":63,"column":44},"end":{"line":63,"column":67}},{"start":{"line":63,"column":70},"end":{"line":63,"column":71}}],"line":63},"1":{"loc":{"start":{"line":74,"column":4},"end":{"line":78,"column":23}},"type":"cond-expr","locations":[{"start":{"line":75,"column":8},"end":{"line":75,"column":10}},{"start":{"line":76,"column":8},"end":{"line":78,"column":23}}],"line":74},"2":{"loc":{"start":{"line":76,"column":8},"end":{"line":78,"column":23}},"type":"cond-expr","locations":[{"start":{"line":77,"column":10},"end":{"line":77,"column":40}},{"start":{"line":78,"column":10},"end":{"line":78,"column":23}}],"line":76},"3":{"loc":{"start":{"line":83,"column":4},"end":{"line":83,"column":49}},"type":"cond-expr","locations":[{"start":{"line":83,"column":19},"end":{"line":83,"column":25}},{"start":{"line":83,"column":28},"end":{"line":83,"column":49}}],"line":83},"4":{"loc":{"start":{"line":87,"column":4},"end":{"line":89,"column":29}},"type":"cond-expr","locations":[{"start":{"line":88,"column":8},"end":{"line":88,"column":43}},{"start":{"line":89,"column":8},"end":{"line":89,"column":29}}],"line":87},"5":{"loc":{"start":{"line":96,"column":22},"end":{"line":96,"column":61}},"type":"cond-expr","locations":[{"start":{"line":96,"column":44},"end":{"line":96,"column":52}},{"start":{"line":96,"column":55},"end":{"line":96,"column":61}}],"line":96}},"s":{"0":2,"1":0,"2":0,"3":2,"4":0,"5":2,"6":0,"7":0,"8":0,"9":0},"f":{"0":0,"1":0,"2":0,"3":0,"4":0,"5":0,"6":0},"b":{"0":[0,0],"1":[0,0],"2":[0,0],"3":[0,0],"4":[0,0],"5":[0,0]},"_coverageSchema":"1a1c01bbd47fc00a2c39e90264f33305004495a9","hash":"7b2dc473ed1e8e72847fc53344469d9299369940"}
,"D:\\tizon\\Documents\\Ciclo X\\tendenciasArqui\\clinicaArqui\\src\\components\\modal\\selectModal\\index.tsx": {"path":"D:\\tizon\\Documents\\Ciclo X\\tendenciasArqui\\clinicaArqui\\src\\components\\modal\\selectModal\\index.tsx","statementMap":{"0":{"start":{"line":15,"column":36},"end":{"line":15,"column":48}},"1":{"start":{"line":16,"column":32},"end":{"line":16,"column":42}},"2":{"start":{"line":18,"column":29},"end":{"line":22,"column":3}},"3":{"start":{"line":19,"column":4},"end":{"line":21,"column":5}},"4":{"start":{"line":20,"column":6},"end":{"line":20,"column":13}},"5":{"start":{"line":24,"column":2},"end":{"line":30,"column":19}},"6":{"start":{"line":25,"column":4},"end":{"line":25,"column":60}},"7":{"start":{"line":27,"column":4},"end":{"line":29,"column":5}},"8":{"start":{"line":28,"column":6},"end":{"line":28,"column":67}},"9":{"start":{"line":32,"column":2},"end":{"line":43,"column":3}}},"fnMap":{"0":{"name":"SelectModal","decl":{"start":{"line":6,"column":24},"end":{"line":6,"column":35}},"loc":{"start":{"line":14,"column":8},"end":{"line":44,"column":1}},"line":14},"1":{"name":"(anonymous_1)","decl":{"start":{"line":18,"column":29},"end":{"line":18,"column":30}},"loc":{"start":{"line":18,"column":45},"end":{"line":22,"column":3}},"line":18},"2":{"name":"(anonymous_2)","decl":{"start":{"line":24,"column":12},"end":{"line":24,"column":13}},"loc":{"start":{"line":24,"column":18},"end":{"line":30,"column":3}},"line":24},"3":{"name":"(anonymous_3)","decl":{"start":{"line":27,"column":11},"end":{"line":27,"column":12}},"loc":{"start":{"line":27,"column":17},"end":{"line":29,"column":5}},"line":27},"4":{"name":"(anonymous_4)","decl":{"start":{"line":34,"column":31},"end":{"line":34,"column":32}},"loc":{"start":{"line":34,"column":37},"end":{"line":34,"column":40}},"line":34}},"branchMap":{"0":{"loc":{"start":{"line":9,"column":2},"end":{"line":9,"column":22}},"type":"default-arg","locations":[{"start":{"line":9,"column":18},"end":{"line":9,"column":22}}],"line":9},"1":{"loc":{"start":{"line":10,"column":2},"end":{"line":10,"column":22}},"type":"default-arg","locations":[{"start":{"line":10,"column":16},"end":{"line":10,"column":22}}],"line":10},"2":{"loc":{"start":{"line":11,"column":2},"end":{"line":11,"column":14}},"type":"default-arg","locations":[{"start":{"line":11,"column":9},"end":{"line":11,"column":14}}],"line":11},"3":{"loc":{"start":{"line":12,"column":2},"end":{"line":12,"column":18}},"type":"default-arg","locations":[{"start":{"line":12,"column":13},"end":{"line":12,"column":18}}],"line":12},"4":{"loc":{"start":{"line":19,"column":4},"end":{"line":21,"column":5}},"type":"if","locations":[{"start":{"line":19,"column":4},"end":{"line":21,"column":5}},{"start":{},"end":{}}],"line":19},"5":{"loc":{"start":{"line":19,"column":8},"end":{"line":19,"column":68}},"type":"binary-expr","locations":[{"start":{"line":19,"column":8},"end":{"line":19,"column":14}},{"start":{"line":19,"column":18},"end":{"line":19,"column":29}},{"start":{"line":19,"column":33},"end":{"line":19,"column":68}}],"line":19},"6":{"loc":{"start":{"line":34,"column":20},"end":{"line":34,"column":47}},"type":"cond-expr","locations":[{"start":{"line":34,"column":31},"end":{"line":34,"column":40}},{"start":{"line":34,"column":43},"end":{"line":34,"column":47}}],"line":34},"7":{"loc":{"start":{"line":37,"column":56},"end":{"line":37,"column":85}},"type":"cond-expr","locations":[{"start":{"line":37,"column":67},"end":{"line":37,"column":76}},{"start":{"line":37,"column":79},"end":{"line":37,"column":85}}],"line":37},"8":{"loc":{"start":{"line":37,"column":134},"end":{"line":37,"column":150}},"type":"binary-expr","locations":[{"start":{"line":37,"column":134},"end":{"line":37,"column":138}},{"start":{"line":37,"column":142},"end":{"line":37,"column":150}}],"line":37},"9":{"loc":{"start":{"line":38,"column":42},"end":{"line":38,"column":70}},"type":"cond-expr","locations":[{"start":{"line":38,"column":58},"end":{"line":38,"column":63}},{"start":{"line":38,"column":66},"end":{"line":38,"column":70}}],"line":38}},"s":{"0":4,"1":4,"2":4,"3":0,"4":0,"5":4,"6":4,"7":4,"8":4,"9":4},"f":{"0":4,"1":0,"2":4,"3":4,"4":0},"b":{"0":[3],"1":[2],"2":[2],"3":[2],"4":[0,0],"5":[0,0,0],"6":[0,4],"7":[0,4],"8":[4,0],"9":[4,0]},"_coverageSchema":"1a1c01bbd47fc00a2c39e90264f33305004495a9","hash":"a7566851e5d0a10955ecf0fb7a33e8d088a87c23"}
,"D:\\tizon\\Documents\\Ciclo X\\tendenciasArqui\\clinicaArqui\\src\\components\\modal\\selectModal\\styles.ts": {"path":"D:\\tizon\\Documents\\Ciclo X\\tendenciasArqui\\clinicaArqui\\src\\components\\modal\\selectModal\\styles.ts","statementMap":{"0":{"start":{"line":3,"column":18},"end":{"line":12,"column":1}},"1":{"start":{"line":14,"column":36},"end":{"line":124,"column":1}},"2":{"start":{"line":18,"column":27},"end":{"line":18,"column":44}},"3":{"start":{"line":31,"column":31},"end":{"line":31,"column":52}},"4":{"start":{"line":37,"column":31},"end":{"line":37,"column":52}},"5":{"start":{"line":46,"column":31},"end":{"line":46,"column":62}},"6":{"start":{"line":47,"column":42},"end":{"line":47,"column":73}},"7":{"start":{"line":49,"column":33},"end":{"line":49,"column":72}},"8":{"start":{"line":63,"column":40},"end":{"line":63,"column":72}},"9":{"start":{"line":73,"column":40},"end":{"line":73,"column":67}},"10":{"start":{"line":76,"column":4},"end":{"line":76,"column":44}},"11":{"start":{"line":77,"column":31},"end":{"line":77,"column":70}},"12":{"start":{"line":94,"column":29},"end":{"line":94,"column":68}},"13":{"start":{"line":126,"column":32},"end":{"line":198,"column":1}},"14":{"start":{"line":136,"column":31},"end":{"line":136,"column":42}},"15":{"start":{"line":138,"column":38},"end":{"line":138,"column":70}},"16":{"start":{"line":141,"column":40},"end":{"line":141,"column":72}},"17":{"start":{"line":144,"column":34},"end":{"line":144,"column":60}},"18":{"start":{"line":159,"column":29},"end":{"line":159,"column":50}},"19":{"start":{"line":165,"column":4},"end":{"line":165,"column":44}},"20":{"start":{"line":166,"column":31},"end":{"line":166,"column":70}},"21":{"start":{"line":178,"column":4},"end":{"line":178,"column":44}},"22":{"start":{"line":179,"column":42},"end":{"line":179,"column":81}},"23":{"start":{"line":194,"column":4},"end":{"line":194,"column":44}}},"fnMap":{"0":{"name":"(anonymous_0)","decl":{"start":{"line":18,"column":11},"end":{"line":18,"column":12}},"loc":{"start":{"line":18,"column":27},"end":{"line":18,"column":44}},"line":18},"1":{"name":"(anonymous_1)","decl":{"start":{"line":31,"column":15},"end":{"line":31,"column":16}},"loc":{"start":{"line":31,"column":31},"end":{"line":31,"column":52}},"line":31},"2":{"name":"(anonymous_2)","decl":{"start":{"line":37,"column":15},"end":{"line":37,"column":16}},"loc":{"start":{"line":37,"column":31},"end":{"line":37,"column":52}},"line":37},"3":{"name":"(anonymous_3)","decl":{"start":{"line":46,"column":15},"end":{"line":46,"column":16}},"loc":{"start":{"line":46,"column":31},"end":{"line":46,"column":62}},"line":46},"4":{"name":"(anonymous_4)","decl":{"start":{"line":47,"column":26},"end":{"line":47,"column":27}},"loc":{"start":{"line":47,"column":42},"end":{"line":47,"column":73}},"line":47},"5":{"name":"(anonymous_5)","decl":{"start":{"line":49,"column":17},"end":{"line":49,"column":18}},"loc":{"start":{"line":49,"column":33},"end":{"line":49,"column":72}},"line":49},"6":{"name":"(anonymous_6)","decl":{"start":{"line":63,"column":24},"end":{"line":63,"column":25}},"loc":{"start":{"line":63,"column":40},"end":{"line":63,"column":72}},"line":63},"7":{"name":"(anonymous_7)","decl":{"start":{"line":73,"column":24},"end":{"line":73,"column":25}},"loc":{"start":{"line":73,"column":40},"end":{"line":73,"column":67}},"line":73},"8":{"name":"(anonymous_8)","decl":{"start":{"line":75,"column":26},"end":{"line":75,"column":27}},"loc":{"start":{"line":76,"column":4},"end":{"line":76,"column":44}},"line":76},"9":{"name":"(anonymous_9)","decl":{"start":{"line":77,"column":15},"end":{"line":77,"column":16}},"loc":{"start":{"line":77,"column":31},"end":{"line":77,"column":70}},"line":77},"10":{"name":"(anonymous_10)","decl":{"start":{"line":94,"column":13},"end":{"line":94,"column":14}},"loc":{"start":{"line":94,"column":29},"end":{"line":94,"column":68}},"line":94},"11":{"name":"(anonymous_11)","decl":{"start":{"line":136,"column":15},"end":{"line":136,"column":16}},"loc":{"start":{"line":136,"column":31},"end":{"line":136,"column":42}},"line":136},"12":{"name":"(anonymous_12)","decl":{"start":{"line":138,"column":22},"end":{"line":138,"column":23}},"loc":{"start":{"line":138,"column":38},"end":{"line":138,"column":70}},"line":138},"13":{"name":"(anonymous_13)","decl":{"start":{"line":141,"column":24},"end":{"line":141,"column":25}},"loc":{"start":{"line":141,"column":40},"end":{"line":141,"column":72}},"line":141},"14":{"name":"(anonymous_14)","decl":{"start":{"line":144,"column":18},"end":{"line":144,"column":19}},"loc":{"start":{"line":144,"column":34},"end":{"line":144,"column":60}},"line":144},"15":{"name":"(anonymous_15)","decl":{"start":{"line":159,"column":13},"end":{"line":159,"column":14}},"loc":{"start":{"line":159,"column":29},"end":{"line":159,"column":50}},"line":159},"16":{"name":"(anonymous_16)","decl":{"start":{"line":164,"column":26},"end":{"line":164,"column":27}},"loc":{"start":{"line":165,"column":4},"end":{"line":165,"column":44}},"line":165},"17":{"name":"(anonymous_17)","decl":{"start":{"line":166,"column":15},"end":{"line":166,"column":16}},"loc":{"start":{"line":166,"column":31},"end":{"line":166,"column":70}},"line":166},"18":{"name":"(anonymous_18)","decl":{"start":{"line":177,"column":15},"end":{"line":177,"column":16}},"loc":{"start":{"line":178,"column":4},"end":{"line":178,"column":44}},"line":178},"19":{"name":"(anonymous_19)","decl":{"start":{"line":179,"column":26},"end":{"line":179,"column":27}},"loc":{"start":{"line":179,"column":42},"end":{"line":179,"column":81}},"line":179},"20":{"name":"(anonymous_20)","decl":{"start":{"line":193,"column":28},"end":{"line":193,"column":29}},"loc":{"start":{"line":194,"column":4},"end":{"line":194,"column":44}},"line":194}},"branchMap":{},"s":{"0":4,"1":4,"2":4,"3":4,"4":4,"5":4,"6":4,"7":4,"8":4,"9":4,"10":4,"11":4,"12":4,"13":4,"14":4,"15":4,"16":4,"17":4,"18":4,"19":4,"20":4,"21":4,"22":4,"23":4},"f":{"0":4,"1":4,"2":4,"3":4,"4":4,"5":4,"6":4,"7":4,"8":4,"9":4,"10":4,"11":4,"12":4,"13":4,"14":4,"15":4,"16":4,"17":4,"18":4,"19":4,"20":4},"b":{},"_coverageSchema":"1a1c01bbd47fc00a2c39e90264f33305004495a9","hash":"182f27ee9fc207dadf318f06e4ac89ca927bb439"}
,"D:\\tizon\\Documents\\Ciclo X\\tendenciasArqui\\clinicaArqui\\src\\components\\options\\themeModal\\index.tsx": {"path":"D:\\tizon\\Documents\\Ciclo X\\tendenciasArqui\\clinicaArqui\\src\\components\\options\\themeModal\\index.tsx","statementMap":{"0":{"start":{"line":9,"column":26},"end":{"line":9,"column":51}},"1":{"start":{"line":11,"column":2},"end":{"line":24,"column":3}},"2":{"start":{"line":15,"column":49},"end":{"line":15,"column":69}},"3":{"start":{"line":19,"column":49},"end":{"line":19,"column":68}}},"fnMap":{"0":{"name":"ThemeModal","decl":{"start":{"line":8,"column":24},"end":{"line":8,"column":34}},"loc":{"start":{"line":8,"column":37},"end":{"line":25,"column":1}},"line":8},"1":{"name":"(anonymous_1)","decl":{"start":{"line":15,"column":43},"end":{"line":15,"column":44}},"loc":{"start":{"line":15,"column":49},"end":{"line":15,"column":69}},"line":15},"2":{"name":"(anonymous_2)","decl":{"start":{"line":19,"column":43},"end":{"line":19,"column":44}},"loc":{"start":{"line":19,"column":49},"end":{"line":19,"column":68}},"line":19}},"branchMap":{},"s":{"0":1,"1":1,"2":0,"3":0},"f":{"0":1,"1":0,"2":0},"b":{},"_coverageSchema":"1a1c01bbd47fc00a2c39e90264f33305004495a9","hash":"b49a7c029847cdd2b9a6c2afc48bdf2846cff8d3"}
,"D:\\tizon\\Documents\\Ciclo X\\tendenciasArqui\\clinicaArqui\\src\\components\\pageEstructure\\index.tsx": {"path":"D:\\tizon\\Documents\\Ciclo X\\tendenciasArqui\\clinicaArqui\\src\\components\\pageEstructure\\index.tsx","statementMap":{"0":{"start":{"line":5,"column":2},"end":{"line":10,"column":6}}},"fnMap":{"0":{"name":"PageEstructure","decl":{"start":{"line":4,"column":24},"end":{"line":4,"column":38}},"loc":{"start":{"line":4,"column":58},"end":{"line":11,"column":1}},"line":4}},"branchMap":{},"s":{"0":1},"f":{"0":1},"b":{},"_coverageSchema":"1a1c01bbd47fc00a2c39e90264f33305004495a9","hash":"7dc3bc0bcaa998d30c89d9022049de6ea452c2e4"}
,"D:\\tizon\\Documents\\Ciclo X\\tendenciasArqui\\clinicaArqui\\src\\components\\profile\\index.tsx": {"path":"D:\\tizon\\Documents\\Ciclo X\\tendenciasArqui\\clinicaArqui\\src\\components\\profile\\index.tsx","statementMap":{"0":{"start":{"line":8,"column":31},"end":{"line":8,"column":54}},"1":{"start":{"line":10,"column":2},"end":{"line":38,"column":6}}},"fnMap":{"0":{"name":"Profile","decl":{"start":{"line":7,"column":24},"end":{"line":7,"column":31}},"loc":{"start":{"line":7,"column":37},"end":{"line":39,"column":1}},"line":7}},"branchMap":{"0":{"loc":{"start":{"line":17,"column":15},"end":{"line":17,"column":63}},"type":"binary-expr","locations":[{"start":{"line":17,"column":15},"end":{"line":17,"column":56}},{"start":{"line":17,"column":60},"end":{"line":17,"column":63}}],"line":17},"1":{"loc":{"start":{"line":26,"column":13},"end":{"line":26,"column":61}},"type":"binary-expr","locations":[{"start":{"line":26,"column":13},"end":{"line":26,"column":54}},{"start":{"line":26,"column":58},"end":{"line":26,"column":61}}],"line":26},"2":{"loc":{"start":{"line":29,"column":19},"end":{"line":29,"column":42}},"type":"binary-expr","locations":[{"start":{"line":29,"column":19},"end":{"line":29,"column":35}},{"start":{"line":29,"column":39},"end":{"line":29,"column":42}}],"line":29},"3":{"loc":{"start":{"line":29,"column":46},"end":{"line":29,"column":72}},"type":"binary-expr","locations":[{"start":{"line":29,"column":46},"end":{"line":29,"column":65}},{"start":{"line":29,"column":69},"end":{"line":29,"column":72}}],"line":29}},"s":{"0":1,"1":1},"f":{"0":1},"b":{"0":[1,1],"1":[1,1],"2":[1,1],"3":[1,1]},"_coverageSchema":"1a1c01bbd47fc00a2c39e90264f33305004495a9","hash":"0277f9f56f434da5f6f8f9f97390ed758f60058d"}
,"D:\\tizon\\Documents\\Ciclo X\\tendenciasArqui\\clinicaArqui\\src\\components\\table\\tagItem\\index.tsx": {"path":"D:\\tizon\\Documents\\Ciclo X\\tendenciasArqui\\clinicaArqui\\src\\components\\table\\tagItem\\index.tsx","statementMap":{"0":{"start":{"line":4,"column":2},"end":{"line":6,"column":6}}},"fnMap":{"0":{"name":"Tagitem","decl":{"start":{"line":3,"column":24},"end":{"line":3,"column":31}},"loc":{"start":{"line":3,"column":60},"end":{"line":7,"column":1}},"line":3}},"branchMap":{},"s":{"0":1},"f":{"0":1},"b":{},"_coverageSchema":"1a1c01bbd47fc00a2c39e90264f33305004495a9","hash":"76c2bdb40bf50d1e9ac087f89a781a618e84b422"}
,"D:\\tizon\\Documents\\Ciclo X\\tendenciasArqui\\clinicaArqui\\src\\components\\table\\tagItem\\styles.ts": {"path":"D:\\tizon\\Documents\\Ciclo X\\tendenciasArqui\\clinicaArqui\\src\\components\\table\\tagItem\\styles.ts","statementMap":{"0":{"start":{"line":3,"column":19},"end":{"line":14,"column":1}},"1":{"start":{"line":13,"column":15},"end":{"line":13,"column":68}}},"fnMap":{"0":{"name":"(anonymous_0)","decl":{"start":{"line":13,"column":4},"end":{"line":13,"column":5}},"loc":{"start":{"line":13,"column":15},"end":{"line":13,"column":68}},"line":13}},"branchMap":{"0":{"loc":{"start":{"line":13,"column":15},"end":{"line":13,"column":68}},"type":"binary-expr","locations":[{"start":{"line":13,"column":15},"end":{"line":13,"column":28}},{"start":{"line":13,"column":32},"end":{"line":13,"column":68}}],"line":13}},"s":{"0":1,"1":1},"f":{"0":1},"b":{"0":[1,1]},"_coverageSchema":"1a1c01bbd47fc00a2c39e90264f33305004495a9","hash":"4d2ad42b5de222537c2d027bf7d078fd39b16435"}
,"D:\\tizon\\Documents\\Ciclo X\\tendenciasArqui\\clinicaArqui\\src\\components\\table\\topManageTable\\index.tsx": {"path":"D:\\tizon\\Documents\\Ciclo X\\tendenciasArqui\\clinicaArqui\\src\\components\\table\\topManageTable\\index.tsx","statementMap":{"0":{"start":{"line":4,"column":2},"end":{"line":12,"column":6}}},"fnMap":{"0":{"name":"TopManageTable","decl":{"start":{"line":3,"column":24},"end":{"line":3,"column":38}},"loc":{"start":{"line":3,"column":58},"end":{"line":13,"column":1}},"line":3}},"branchMap":{},"s":{"0":1},"f":{"0":1},"b":{},"_coverageSchema":"1a1c01bbd47fc00a2c39e90264f33305004495a9","hash":"041e5444733aab3756d820992d7bbf1b6ed6d30b"}
,"D:\\tizon\\Documents\\Ciclo X\\tendenciasArqui\\clinicaArqui\\src\\components\\table\\topManageTable\\styles.ts": {"path":"D:\\tizon\\Documents\\Ciclo X\\tendenciasArqui\\clinicaArqui\\src\\components\\table\\topManageTable\\styles.ts","statementMap":{"0":{"start":{"line":5,"column":31},"end":{"line":68,"column":1}},"1":{"start":{"line":30,"column":31},"end":{"line":30,"column":69}}},"fnMap":{"0":{"name":"(anonymous_0)","decl":{"start":{"line":30,"column":15},"end":{"line":30,"column":16}},"loc":{"start":{"line":30,"column":31},"end":{"line":30,"column":69}},"line":30}},"branchMap":{},"s":{"0":1,"1":1},"f":{"0":1},"b":{},"_coverageSchema":"1a1c01bbd47fc00a2c39e90264f33305004495a9","hash":"1ce3dc0ba0c5d6b75f5c22344727419c25b3c121"}
,"D:\\tizon\\Documents\\Ciclo X\\tendenciasArqui\\clinicaArqui\\src\\context\\configContext.tsx": {"path":"D:\\tizon\\Documents\\Ciclo X\\tendenciasArqui\\clinicaArqui\\src\\context\\configContext.tsx","statementMap":{"0":{"start":{"line":8,"column":22},"end":{"line":8,"column":47}},"1":{"start":{"line":11,"column":28},"end":{"line":11,"column":45}},"2":{"start":{"line":13,"column":22},"end":{"line":16,"column":3}},"3":{"start":{"line":14,"column":4},"end":{"line":14,"column":27}},"4":{"start":{"line":15,"column":4},"end":{"line":15,"column":75}},"5":{"start":{"line":17,"column":2},"end":{"line":22,"column":8}},"6":{"start":{"line":18,"column":29},"end":{"line":18,"column":58}},"7":{"start":{"line":19,"column":4},"end":{"line":19,"column":28}},"8":{"start":{"line":19,"column":22},"end":{"line":19,"column":28}},"9":{"start":{"line":20,"column":22},"end":{"line":20,"column":45}},"10":{"start":{"line":21,"column":4},"end":{"line":21,"column":29}},"11":{"start":{"line":24,"column":2},"end":{"line":29,"column":27}}},"fnMap":{"0":{"name":"ConfigContextProvider","decl":{"start":{"line":10,"column":16},"end":{"line":10,"column":37}},"loc":{"start":{"line":10,"column":57},"end":{"line":30,"column":1}},"line":10},"1":{"name":"(anonymous_1)","decl":{"start":{"line":13,"column":22},"end":{"line":13,"column":23}},"loc":{"start":{"line":13,"column":49},"end":{"line":16,"column":3}},"line":13},"2":{"name":"(anonymous_2)","decl":{"start":{"line":17,"column":12},"end":{"line":17,"column":13}},"loc":{"start":{"line":17,"column":18},"end":{"line":22,"column":3}},"line":17}},"branchMap":{"0":{"loc":{"start":{"line":19,"column":4},"end":{"line":19,"column":28}},"type":"if","locations":[{"start":{"line":19,"column":4},"end":{"line":19,"column":28}},{"start":{},"end":{}}],"line":19}},"s":{"0":1,"1":0,"2":0,"3":0,"4":0,"5":0,"6":0,"7":0,"8":0,"9":0,"10":0,"11":0},"f":{"0":0,"1":0,"2":0},"b":{"0":[0,0]},"_coverageSchema":"1a1c01bbd47fc00a2c39e90264f33305004495a9","hash":"533e263ca766dd57304eead921b43fdfd6e2e2b4"}
,"D:\\tizon\\Documents\\Ciclo X\\tendenciasArqui\\clinicaArqui\\src\\context\\userContext.tsx": {"path":"D:\\tizon\\Documents\\Ciclo X\\tendenciasArqui\\clinicaArqui\\src\\context\\userContext.tsx","statementMap":{"0":{"start":{"line":12,"column":20},"end":{"line":12,"column":43}},"1":{"start":{"line":15,"column":39},"end":{"line":15,"column":51}},"2":{"start":{"line":16,"column":37},"end":{"line":16,"column":51}},"3":{"start":{"line":17,"column":19},"end":{"line":17,"column":32}},"4":{"start":{"line":19,"column":20},"end":{"line":22,"column":3}},"5":{"start":{"line":20,"column":4},"end":{"line":20,"column":25}},"6":{"start":{"line":21,"column":4},"end":{"line":21,"column":58}},"7":{"start":{"line":24,"column":2},"end":{"line":34,"column":8}},"8":{"start":{"line":25,"column":28},"end":{"line":25,"column":56}},"9":{"start":{"line":26,"column":4},"end":{"line":33,"column":5}},"10":{"start":{"line":27,"column":25},"end":{"line":27,"column":47}},"11":{"start":{"line":28,"column":6},"end":{"line":28,"column":29}},"12":{"start":{"line":29,"column":6},"end":{"line":29,"column":22}},"13":{"start":{"line":31,"column":6},"end":{"line":31,"column":37}},"14":{"start":{"line":32,"column":6},"end":{"line":32,"column":23}},"15":{"start":{"line":36,"column":17},"end":{"line":40,"column":3}},"16":{"start":{"line":37,"column":4},"end":{"line":37,"column":35}},"17":{"start":{"line":38,"column":4},"end":{"line":38,"column":21}},"18":{"start":{"line":39,"column":4},"end":{"line":39,"column":22}},"19":{"start":{"line":42,"column":2},"end":{"line":44,"column":25}}},"fnMap":{"0":{"name":"UserContextProvider","decl":{"start":{"line":14,"column":16},"end":{"line":14,"column":35}},"loc":{"start":{"line":14,"column":55},"end":{"line":45,"column":1}},"line":14},"1":{"name":"(anonymous_1)","decl":{"start":{"line":19,"column":20},"end":{"line":19,"column":21}},"loc":{"start":{"line":19,"column":39},"end":{"line":22,"column":3}},"line":19},"2":{"name":"(anonymous_2)","decl":{"start":{"line":24,"column":12},"end":{"line":24,"column":13}},"loc":{"start":{"line":24,"column":18},"end":{"line":34,"column":3}},"line":24},"3":{"name":"(anonymous_3)","decl":{"start":{"line":36,"column":17},"end":{"line":36,"column":18}},"loc":{"start":{"line":36,"column":23},"end":{"line":40,"column":3}},"line":36}},"branchMap":{"0":{"loc":{"start":{"line":26,"column":4},"end":{"line":33,"column":5}},"type":"if","locations":[{"start":{"line":26,"column":4},"end":{"line":33,"column":5}},{"start":{"line":30,"column":11},"end":{"line":33,"column":5}}],"line":26}},"s":{"0":3,"1":0,"2":0,"3":0,"4":0,"5":0,"6":0,"7":0,"8":0,"9":0,"10":0,"11":0,"12":0,"13":0,"14":0,"15":0,"16":0,"17":0,"18":0,"19":0},"f":{"0":0,"1":0,"2":0,"3":0},"b":{"0":[0,0]},"_coverageSchema":"1a1c01bbd47fc00a2c39e90264f33305004495a9","hash":"a404158ef90e735a3e1d4bd3f86040a3d1a1f636"}
,"D:\\tizon\\Documents\\Ciclo X\\tendenciasArqui\\clinicaArqui\\src\\hooks\\useModal.tsx": {"path":"D:\\tizon\\Documents\\Ciclo X\\tendenciasArqui\\clinicaArqui\\src\\hooks\\useModal.tsx","statementMap":{"0":{"start":{"line":3,"column":24},"end":{"line":10,"column":1}},"1":{"start":{"line":4,"column":30},"end":{"line":4,"column":45}},"2":{"start":{"line":6,"column":25},"end":{"line":6,"column":46}},"3":{"start":{"line":6,"column":31},"end":{"line":6,"column":46}},"4":{"start":{"line":7,"column":26},"end":{"line":7,"column":48}},"5":{"start":{"line":7,"column":32},"end":{"line":7,"column":48}},"6":{"start":{"line":9,"column":2},"end":{"line":9,"column":40}}},"fnMap":{"0":{"name":"(anonymous_0)","decl":{"start":{"line":3,"column":24},"end":{"line":3,"column":25}},"loc":{"start":{"line":3,"column":30},"end":{"line":10,"column":1}},"line":3},"1":{"name":"(anonymous_1)","decl":{"start":{"line":6,"column":25},"end":{"line":6,"column":26}},"loc":{"start":{"line":6,"column":31},"end":{"line":6,"column":46}},"line":6},"2":{"name":"(anonymous_2)","decl":{"start":{"line":7,"column":26},"end":{"line":7,"column":27}},"loc":{"start":{"line":7,"column":32},"end":{"line":7,"column":48}},"line":7}},"branchMap":{},"s":{"0":4,"1":4,"2":4,"3":0,"4":4,"5":0,"6":4},"f":{"0":4,"1":0,"2":0},"b":{},"_coverageSchema":"1a1c01bbd47fc00a2c39e90264f33305004495a9","hash":"686fd6bebc21ec4f9dda930da8a9c146f41e911a"}
,"D:\\tizon\\Documents\\Ciclo X\\tendenciasArqui\\clinicaArqui\\src\\styles\\config\\breakpoints.ts": {"path":"D:\\tizon\\Documents\\Ciclo X\\tendenciasArqui\\clinicaArqui\\src\\styles\\config\\breakpoints.ts","statementMap":{"0":{"start":{"line":1,"column":19},"end":{"line":6,"column":1}}},"fnMap":{},"branchMap":{},"s":{"0":5},"f":{},"b":{},"_coverageSchema":"1a1c01bbd47fc00a2c39e90264f33305004495a9","hash":"075c032102024c3cbcbaee21c5a6fcaa569bbdc5"}
,"D:\\tizon\\Documents\\Ciclo X\\tendenciasArqui\\clinicaArqui\\src\\styles\\config\\themes.ts": {"path":"D:\\tizon\\Documents\\Ciclo X\\tendenciasArqui\\clinicaArqui\\src\\styles\\config\\themes.ts","statementMap":{"0":{"start":{"line":1,"column":26},"end":{"line":174,"column":1}}},"fnMap":{},"branchMap":{},"s":{"0":12},"f":{},"b":{},"_coverageSchema":"1a1c01bbd47fc00a2c39e90264f33305004495a9","hash":"49e7a9ed94d9d7b049f5349865fb1c8d22fe8e9a"}
,"D:\\tizon\\Documents\\Ciclo X\\tendenciasArqui\\clinicaArqui\\src\\styles\\globals\\globalButtons.ts": {"path":"D:\\tizon\\Documents\\Ciclo X\\tendenciasArqui\\clinicaArqui\\src\\styles\\globals\\globalButtons.ts","statementMap":{"0":{"start":{"line":4,"column":15},"end":{"line":64,"column":1}},"1":{"start":{"line":26,"column":4},"end":{"line":43,"column":5}},"2":{"start":{"line":27,"column":6},"end":{"line":29,"column":7}},"3":{"start":{"line":30,"column":11},"end":{"line":43,"column":5}},"4":{"start":{"line":31,"column":6},"end":{"line":33,"column":7}},"5":{"start":{"line":34,"column":11},"end":{"line":43,"column":5}},"6":{"start":{"line":35,"column":6},"end":{"line":37,"column":7}},"7":{"start":{"line":38,"column":11},"end":{"line":43,"column":5}},"8":{"start":{"line":39,"column":6},"end":{"line":42,"column":7}},"9":{"start":{"line":66,"column":32},"end":{"line":79,"column":1}},"10":{"start":{"line":67,"column":38},"end":{"line":67,"column":79}},"11":{"start":{"line":68,"column":27},"end":{"line":68,"column":49}},"12":{"start":{"line":71,"column":4},"end":{"line":77,"column":5}},"13":{"start":{"line":72,"column":6},"end":{"line":76,"column":7}},"14":{"start":{"line":74,"column":33},"end":{"line":74,"column":74}},"15":{"start":{"line":75,"column":44},"end":{"line":75,"column":85}},"16":{"start":{"line":86,"column":31},"end":{"line":90,"column":1}},"17":{"start":{"line":88,"column":4},"end":{"line":88,"column":45}},"18":{"start":{"line":89,"column":27},"end":{"line":89,"column":55}},"19":{"start":{"line":135,"column":32},"end":{"line":145,"column":1}},"20":{"start":{"line":137,"column":37},"end":{"line":137,"column":57}}},"fnMap":{"0":{"name":"(anonymous_0)","decl":{"start":{"line":25,"column":4},"end":{"line":25,"column":5}},"loc":{"start":{"line":25,"column":20},"end":{"line":44,"column":3}},"line":25},"1":{"name":"(anonymous_1)","decl":{"start":{"line":67,"column":22},"end":{"line":67,"column":23}},"loc":{"start":{"line":67,"column":38},"end":{"line":67,"column":79}},"line":67},"2":{"name":"(anonymous_2)","decl":{"start":{"line":68,"column":11},"end":{"line":68,"column":12}},"loc":{"start":{"line":68,"column":27},"end":{"line":68,"column":49}},"line":68},"3":{"name":"(anonymous_3)","decl":{"start":{"line":70,"column":4},"end":{"line":70,"column":5}},"loc":{"start":{"line":70,"column":20},"end":{"line":78,"column":3}},"line":70},"4":{"name":"(anonymous_4)","decl":{"start":{"line":74,"column":17},"end":{"line":74,"column":18}},"loc":{"start":{"line":74,"column":33},"end":{"line":74,"column":74}},"line":74},"5":{"name":"(anonymous_5)","decl":{"start":{"line":75,"column":28},"end":{"line":75,"column":29}},"loc":{"start":{"line":75,"column":44},"end":{"line":75,"column":85}},"line":75},"6":{"name":"(anonymous_6)","decl":{"start":{"line":87,"column":22},"end":{"line":87,"column":23}},"loc":{"start":{"line":88,"column":4},"end":{"line":88,"column":45}},"line":88},"7":{"name":"(anonymous_7)","decl":{"start":{"line":89,"column":11},"end":{"line":89,"column":12}},"loc":{"start":{"line":89,"column":27},"end":{"line":89,"column":55}},"line":89},"8":{"name":"(anonymous_8)","decl":{"start":{"line":137,"column":21},"end":{"line":137,"column":22}},"loc":{"start":{"line":137,"column":37},"end":{"line":137,"column":57}},"line":137}},"branchMap":{"0":{"loc":{"start":{"line":26,"column":4},"end":{"line":43,"column":5}},"type":"if","locations":[{"start":{"line":26,"column":4},"end":{"line":43,"column":5}},{"start":{"line":30,"column":11},"end":{"line":43,"column":5}}],"line":26},"1":{"loc":{"start":{"line":30,"column":11},"end":{"line":43,"column":5}},"type":"if","locations":[{"start":{"line":30,"column":11},"end":{"line":43,"column":5}},{"start":{"line":34,"column":11},"end":{"line":43,"column":5}}],"line":30},"2":{"loc":{"start":{"line":34,"column":11},"end":{"line":43,"column":5}},"type":"if","locations":[{"start":{"line":34,"column":11},"end":{"line":43,"column":5}},{"start":{"line":38,"column":11},"end":{"line":43,"column":5}}],"line":34},"3":{"loc":{"start":{"line":38,"column":11},"end":{"line":43,"column":5}},"type":"if","locations":[{"start":{"line":38,"column":11},"end":{"line":43,"column":5}},{"start":{},"end":{}}],"line":38},"4":{"loc":{"start":{"line":71,"column":4},"end":{"line":77,"column":5}},"type":"if","locations":[{"start":{"line":71,"column":4},"end":{"line":77,"column":5}},{"start":{},"end":{}}],"line":71},"5":{"loc":{"start":{"line":137,"column":37},"end":{"line":137,"column":57}},"type":"binary-expr","locations":[{"start":{"line":137,"column":37},"end":{"line":137,"column":48}},{"start":{"line":137,"column":52},"end":{"line":137,"column":57}}],"line":137}},"s":{"0":2,"1":7,"2":1,"3":6,"4":3,"5":3,"6":1,"7":2,"8":1,"9":2,"10":6,"11":6,"12":6,"13":1,"14":1,"15":1,"16":2,"17":1,"18":1,"19":2,"20":1},"f":{"0":7,"1":6,"2":6,"3":6,"4":1,"5":1,"6":1,"7":1,"8":1},"b":{"0":[1,6],"1":[3,3],"2":[1,2],"3":[1,1],"4":[1,5],"5":[1,1]},"_coverageSchema":"1a1c01bbd47fc00a2c39e90264f33305004495a9","hash":"bd2aa4cb5458b98547556f4937c9d6d8a2af9118"}
,"D:\\tizon\\Documents\\Ciclo X\\tendenciasArqui\\clinicaArqui\\src\\styles\\globals\\globalGrid.ts": {"path":"D:\\tizon\\Documents\\Ciclo X\\tendenciasArqui\\clinicaArqui\\src\\styles\\globals\\globalGrid.ts","statementMap":{"0":{"start":{"line":3,"column":18},"end":{"line":5,"column":1}},"1":{"start":{"line":7,"column":28},"end":{"line":9,"column":1}},"2":{"start":{"line":10,"column":29},"end":{"line":13,"column":1}},"3":{"start":{"line":14,"column":28},"end":{"line":16,"column":1}},"4":{"start":{"line":17,"column":28},"end":{"line":19,"column":1}},"5":{"start":{"line":20,"column":28},"end":{"line":22,"column":1}},"6":{"start":{"line":23,"column":28},"end":{"line":25,"column":1}},"7":{"start":{"line":26,"column":28},"end":{"line":28,"column":1}},"8":{"start":{"line":29,"column":28},"end":{"line":31,"column":1}},"9":{"start":{"line":32,"column":28},"end":{"line":34,"column":1}},"10":{"start":{"line":35,"column":28},"end":{"line":37,"column":1}},"11":{"start":{"line":38,"column":28},"end":{"line":40,"column":1}},"12":{"start":{"line":41,"column":28},"end":{"line":43,"column":1}},"13":{"start":{"line":44,"column":28},"end":{"line":47,"column":1}}},"fnMap":{},"branchMap":{},"s":{"0":2,"1":2,"2":2,"3":2,"4":2,"5":2,"6":2,"7":2,"8":2,"9":2,"10":2,"11":2,"12":2,"13":2},"f":{},"b":{},"_coverageSchema":"1a1c01bbd47fc00a2c39e90264f33305004495a9","hash":"3a477f2211250ac484ec7d022566ecd9ad6c3a59"}
,"D:\\tizon\\Documents\\Ciclo X\\tendenciasArqui\\clinicaArqui\\src\\styles\\globals\\globalTables.ts": {"path":"D:\\tizon\\Documents\\Ciclo X\\tendenciasArqui\\clinicaArqui\\src\\styles\\globals\\globalTables.ts","statementMap":{"0":{"start":{"line":3,"column":24},"end":{"line":53,"column":1}},"1":{"start":{"line":20,"column":23},"end":{"line":20,"column":38}},"2":{"start":{"line":21,"column":24},"end":{"line":21,"column":68}},"3":{"start":{"line":22,"column":28},"end":{"line":22,"column":76}},"4":{"start":{"line":23,"column":4},"end":{"line":26,"column":7}},"5":{"start":{"line":32,"column":31},"end":{"line":32,"column":69}}},"fnMap":{"0":{"name":"(anonymous_0)","decl":{"start":{"line":19,"column":6},"end":{"line":19,"column":7}},"loc":{"start":{"line":19,"column":22},"end":{"line":27,"column":3}},"line":19},"1":{"name":"(anonymous_1)","decl":{"start":{"line":32,"column":15},"end":{"line":32,"column":16}},"loc":{"start":{"line":32,"column":31},"end":{"line":32,"column":69}},"line":32}},"branchMap":{},"s":{"0":1,"1":2,"2":2,"3":2,"4":2,"5":2},"f":{"0":2,"1":2},"b":{},"_coverageSchema":"1a1c01bbd47fc00a2c39e90264f33305004495a9","hash":"3f19501ddf710ed3211f5c5d388f11947c90d893"}
,"D:\\tizon\\Documents\\Ciclo X\\tendenciasArqui\\clinicaArqui\\src\\utilities\\formatStrings.tsx": {"path":"D:\\tizon\\Documents\\Ciclo X\\tendenciasArqui\\clinicaArqui\\src\\utilities\\formatStrings.tsx","statementMap":{"0":{"start":{"line":1,"column":29},"end":{"line":8,"column":1}},"1":{"start":{"line":2,"column":23},"end":{"line":2,"column":43}},"2":{"start":{"line":3,"column":21},"end":{"line":6,"column":13}},"3":{"start":{"line":4,"column":18},"end":{"line":4,"column":36}},"4":{"start":{"line":5,"column":4},"end":{"line":5,"column":56}},"5":{"start":{"line":7,"column":2},"end":{"line":7,"column":19}},"6":{"start":{"line":10,"column":35},"end":{"line":13,"column":1}},"7":{"start":{"line":11,"column":22},"end":{"line":11,"column":40}},"8":{"start":{"line":12,"column":2},"end":{"line":12,"column":41}}},"fnMap":{"0":{"name":"(anonymous_0)","decl":{"start":{"line":1,"column":29},"end":{"line":1,"column":30}},"loc":{"start":{"line":1,"column":46},"end":{"line":8,"column":1}},"line":1},"1":{"name":"(anonymous_1)","decl":{"start":{"line":3,"column":38},"end":{"line":3,"column":39}},"loc":{"start":{"line":3,"column":46},"end":{"line":6,"column":3}},"line":3},"2":{"name":"(anonymous_2)","decl":{"start":{"line":10,"column":35},"end":{"line":10,"column":36}},"loc":{"start":{"line":10,"column":52},"end":{"line":13,"column":1}},"line":10}},"branchMap":{},"s":{"0":1,"1":2,"2":2,"3":2,"4":2,"5":2,"6":1,"7":2,"8":2},"f":{"0":2,"1":2,"2":2},"b":{},"_coverageSchema":"1a1c01bbd47fc00a2c39e90264f33305004495a9","hash":"77849a872077af9cbcb6934d121a6cd35b879d02"}
}
