{"D:\\tizon\\Documents\\Ciclo X\\tendenciasArqui\\clinicaArqui\\src\\components\\loader\\spinLoader\\index.tsx": {"path":"D:\\tizon\\Documents\\Ciclo X\\tendenciasArqui\\clinicaArqui\\src\\components\\loader\\spinLoader\\index.tsx","statementMap":{"0":{"start":{"line":4,"column":2},"end":{"line":8,"column":6}}},"fnMap":{"0":{"name":"SpinLoader","decl":{"start":{"line":3,"column":24},"end":{"line":3,"column":34}},"loc":{"start":{"line":3,"column":76},"end":{"line":9,"column":1}},"line":3}},"branchMap":{"0":{"loc":{"start":{"line":3,"column":37},"end":{"line":3,"column":51}},"type":"default-arg","locations":[{"start":{"line":3,"column":45},"end":{"line":3,"column":51}}],"line":3},"1":{"loc":{"start":{"line":3,"column":53},"end":{"line":3,"column":67}},"type":"default-arg","locations":[{"start":{"line":3,"column":61},"end":{"line":3,"column":67}}],"line":3}},"s":{"0":1},"f":{"0":1},"b":{"0":[1],"1":[1]},"_coverageSchema":"1a1c01bbd47fc00a2c39e90264f33305004495a9","hash":"f520b007322579e617fed4284bd8e5e1612fc2bd"}
,"D:\\tizon\\Documents\\Ciclo X\\tendenciasArqui\\clinicaArqui\\src\\components\\loader\\spinLoader\\styles.ts": {"path":"D:\\tizon\\Documents\\Ciclo X\\tendenciasArqui\\clinicaArqui\\src\\components\\loader\\spinLoader\\styles.ts","statementMap":{"0":{"start":{"line":3,"column":25},"end":{"line":10,"column":1}},"1":{"start":{"line":12,"column":29},"end":{"line":22,"column":1}},"2":{"start":{"line":15,"column":22},"end":{"line":15,"column":33}},"3":{"start":{"line":16,"column":23},"end":{"line":16,"column":34}},"4":{"start":{"line":18,"column":33},"end":{"line":18,"column":44}}},"fnMap":{"0":{"name":"(anonymous_0)","decl":{"start":{"line":15,"column":13},"end":{"line":15,"column":14}},"loc":{"start":{"line":15,"column":22},"end":{"line":15,"column":33}},"line":15},"1":{"name":"(anonymous_1)","decl":{"start":{"line":16,"column":14},"end":{"line":16,"column":15}},"loc":{"start":{"line":16,"column":23},"end":{"line":16,"column":34}},"line":16},"2":{"name":"(anonymous_2)","decl":{"start":{"line":18,"column":24},"end":{"line":18,"column":25}},"loc":{"start":{"line":18,"column":33},"end":{"line":18,"column":44}},"line":18}},"branchMap":{},"s":{"0":1,"1":1,"2":1,"3":1,"4":1},"f":{"0":1,"1":1,"2":1},"b":{},"_coverageSchema":"1a1c01bbd47fc00a2c39e90264f33305004495a9","hash":"7d31a84e50777eaebe09f917f33e5bb374a49b8c"}
}
