TN:
SF:src\components\breadcrumb\index.tsx
FN:5,Breadcrumb
FN:10,(anonymous_1)
FN:13,(anonymous_2)
FN:14,(anonymous_3)
FN:27,(anonymous_4)
FN:38,(anonymous_5)
FNF:6
FNH:3
FNDA:1,Breadcrumb
FNDA:2,(anonymous_1)
FNDA:0,(anonymous_2)
FNDA:0,(anonymous_3)
FNDA:1,(anonymous_4)
FNDA:0,(anonymous_5)
DA:6,1
DA:7,1
DA:8,1
DA:10,2
DA:11,1
DA:13,1
DA:14,0
DA:15,0
DA:18,1
DA:20,1
DA:28,1
DA:39,0
LF:12
LH:9
BRDA:18,0,0,1
BRDA:18,0,1,1
BRDA:18,0,2,1
BRDA:23,1,0,1
BRDA:23,1,1,0
BRDA:25,2,0,1
BRDA:25,2,1,1
BRDA:30,3,0,1
BRDA:30,3,1,0
BRDA:36,4,0,0
BRDA:36,4,1,0
BRDA:41,5,0,0
BRDA:41,5,1,0
BRF:13
BRH:7
end_of_record
TN:
SF:src\components\breadcrumb\styles.ts
FN:16,(anonymous_0)
FN:24,(anonymous_1)
FNF:2
FNH:2
FNDA:1,(anonymous_0)
FNDA:1,(anonymous_1)
DA:3,1
DA:16,1
DA:24,1
LF:3
LH:3
BRF:0
BRH:0
end_of_record
TN:
SF:src\components\form\formEstructure\index.tsx
FN:5,FormEstructure
FNF:1
FNH:1
FNDA:1,FormEstructure
DA:6,1
LF:1
LH:1
BRDA:5,0,0,1
BRDA:5,1,0,1
BRDA:14,2,0,1
BRDA:14,2,1,1
BRDA:17,3,0,1
BRDA:17,3,1,0
BRF:6
BRH:5
end_of_record
TN:
SF:src\components\form\formEstructure\styles.ts
FNF:0
FNH:0
DA:3,1
DA:46,1
LF:2
LH:2
BRF:0
BRH:0
end_of_record
TN:
SF:src\components\form\input\index.tsx
FN:20,(anonymous_0)
FN:30,(anonymous_1)
FN:49,(anonymous_2)
FN:49,(anonymous_3)
FN:64,Input
FN:84,(anonymous_5)
FN:84,(anonymous_6)
FN:96,(anonymous_7)
FN:96,(anonymous_8)
FNF:9
FNH:2
FNDA:0,(anonymous_0)
FNDA:4,(anonymous_1)
FNDA:0,(anonymous_2)
FNDA:0,(anonymous_3)
FNDA:2,Input
FNDA:0,(anonymous_5)
FNDA:0,(anonymous_6)
FNDA:0,(anonymous_7)
FNDA:0,(anonymous_8)
DA:20,2
DA:21,0
DA:22,0
DA:23,0
DA:25,0
DA:26,0
DA:30,2
DA:32,4
DA:49,0
DA:65,2
DA:67,2
DA:84,0
DA:96,0
LF:13
LH:5
BRDA:22,0,0,0
BRDA:22,0,1,0
BRDA:25,1,0,0
BRDA:25,1,1,0
BRDA:25,2,0,0
BRDA:25,2,1,0
BRDA:30,3,0,2
BRDA:30,4,0,2
BRDA:30,5,0,2
BRDA:30,6,0,3
BRDA:30,7,0,2
BRDA:30,8,0,4
BRDA:35,9,0,1
BRDA:35,9,1,3
BRDA:49,10,0,1
BRDA:49,10,1,2
BRDA:58,11,0,4
BRDA:58,11,1,0
BRDA:64,12,0,2
BRDA:64,13,0,1
BRDA:64,14,0,2
BRDA:64,15,0,2
BRDA:64,16,0,2
BRDA:64,17,0,1
BRDA:69,18,0,0
BRDA:69,18,1,2
BRDA:78,19,0,0
BRDA:78,19,1,2
BRDA:84,20,0,0
BRDA:84,20,1,0
BRDA:96,21,0,1
BRDA:96,21,1,1
BRDA:105,22,0,2
BRDA:105,22,1,0
BRDA:108,23,0,2
BRDA:108,23,1,0
BRF:36
BRH:23
end_of_record
TN:
SF:src\components\form\input\styles.ts
FN:33,(anonymous_0)
FN:35,(anonymous_1)
FN:42,(anonymous_2)
FN:58,(anonymous_3)
FN:83,(anonymous_4)
FN:90,(anonymous_5)
FNF:6
FNH:6
FNDA:6,(anonymous_0)
FNDA:6,(anonymous_1)
FNDA:6,(anonymous_2)
FNDA:6,(anonymous_3)
FNDA:6,(anonymous_4)
FNDA:6,(anonymous_5)
DA:3,2
DA:33,6
DA:36,6
DA:37,1
DA:43,6
DA:44,1
DA:53,2
DA:58,6
DA:66,2
DA:84,6
DA:85,1
DA:91,6
DA:92,1
DA:100,2
LF:14
LH:14
BRDA:36,0,0,1
BRDA:36,0,1,5
BRDA:43,1,0,1
BRDA:43,1,1,5
BRDA:84,2,0,1
BRDA:84,2,1,5
BRDA:91,3,0,1
BRDA:91,3,1,5
BRF:8
BRH:8
end_of_record
TN:
SF:src\components\form\selectWithInput\index.tsx
FN:7,SelectWithInput
FN:11,(anonymous_1)
FN:13,(anonymous_2)
FN:19,(anonymous_3)
FN:28,(anonymous_4)
FN:32,(anonymous_5)
FN:45,(anonymous_6)
FN:46,(anonymous_7)
FN:67,(anonymous_8)
FN:70,(anonymous_9)
FNF:10
FNH:7
FNDA:1,SelectWithInput
FNDA:0,(anonymous_1)
FNDA:0,(anonymous_2)
FNDA:1,(anonymous_3)
FNDA:1,(anonymous_4)
FNDA:1,(anonymous_5)
FNDA:1,(anonymous_6)
FNDA:1,(anonymous_7)
FNDA:1,(anonymous_8)
FNDA:0,(anonymous_9)
DA:8,1
DA:9,1
DA:11,1
DA:12,0
DA:13,0
DA:14,0
DA:15,0
DA:19,1
DA:20,1
DA:21,1
DA:22,0
DA:24,1
DA:28,1
DA:29,1
DA:32,1
DA:33,1
DA:34,0
DA:35,0
DA:36,0
DA:38,0
DA:40,0
DA:42,1
DA:45,1
DA:46,1
DA:49,1
DA:68,1
DA:70,0
LF:27
LH:16
BRDA:7,0,0,0
BRDA:7,1,0,1
BRDA:7,2,0,1
BRDA:7,3,0,1
BRDA:7,4,0,1
BRDA:7,5,0,1
BRDA:7,6,0,1
BRDA:14,7,0,0
BRDA:14,7,1,0
BRDA:21,8,0,0
BRDA:21,8,1,1
BRDA:33,9,0,0
BRDA:33,9,1,1
BRDA:35,10,0,0
BRDA:35,10,1,0
BRDA:60,11,0,1
BRDA:60,11,1,1
BRDA:67,12,0,1
BRDA:67,12,1,0
BRDA:71,13,0,0
BRDA:71,13,1,1
BRDA:78,14,0,1
BRDA:78,14,1,0
BRF:23
BRH:13
end_of_record
TN:
SF:src\components\loader\spinLoader\index.tsx
FN:3,SpinLoader
FNF:1
FNH:1
FNDA:1,SpinLoader
DA:4,1
LF:1
LH:1
BRDA:3,0,0,1
BRDA:3,1,0,1
BRF:2
BRH:2
end_of_record
TN:
SF:src\components\loader\spinLoader\styles.ts
FN:15,(anonymous_0)
FN:16,(anonymous_1)
FN:18,(anonymous_2)
FNF:3
FNH:3
FNDA:1,(anonymous_0)
FNDA:1,(anonymous_1)
FNDA:1,(anonymous_2)
DA:3,3
DA:12,3
DA:15,1
DA:16,1
DA:18,1
LF:5
LH:5
BRF:0
BRH:0
end_of_record
TN:
SF:src\components\menu\index.tsx
FN:13,MenuClinica
FN:18,(anonymous_1)
FN:24,(anonymous_2)
FN:27,(anonymous_3)
FN:40,(anonymous_4)
FN:74,(anonymous_5)
FNF:6
FNH:3
FNDA:4,MenuClinica
FNDA:0,(anonymous_1)
FNDA:4,(anonymous_2)
FNDA:4,(anonymous_3)
FNDA:0,(anonymous_4)
FNDA:0,(anonymous_5)
DA:14,4
DA:15,4
DA:16,4
DA:18,4
DA:19,0
DA:20,0
DA:21,0
DA:24,4
DA:25,4
DA:27,4
DA:28,4
DA:32,4
DA:40,0
DA:74,0
LF:14
LH:9
BRDA:13,0,0,3
BRDA:20,1,0,0
BRDA:20,1,1,0
BRDA:20,2,0,0
BRDA:20,2,1,0
BRDA:20,2,2,0
BRDA:20,2,3,0
BRDA:20,2,4,0
BRDA:44,3,0,4
BRDA:44,3,1,0
BRDA:44,3,2,0
BRDA:58,4,0,4
BRDA:58,4,1,0
BRDA:58,4,2,0
BRDA:62,5,0,4
BRDA:62,5,1,0
BRDA:62,5,2,0
BRDA:68,6,0,4
BRDA:68,6,1,0
BRDA:68,6,2,0
BRF:20
BRH:5
end_of_record
TN:
SF:src\components\menu\styles.ts
FN:46,(anonymous_0)
FN:122,(anonymous_1)
FN:176,(anonymous_2)
FNF:3
FNH:3
FNDA:4,(anonymous_0)
FNDA:4,(anonymous_1)
FNDA:4,(anonymous_2)
DA:5,2
DA:47,4
DA:48,3
DA:61,1
DA:123,4
DA:124,3
DA:132,1
DA:143,2
DA:165,2
DA:176,4
LF:10
LH:10
BRDA:47,0,0,3
BRDA:47,0,1,1
BRDA:123,1,0,3
BRDA:123,1,1,1
BRF:4
BRH:4
end_of_record
TN:
SF:src\components\menu\menuItem\index.tsx
FN:7,(anonymous_0)
FN:10,(anonymous_1)
FN:16,MenuItem
FN:16,(anonymous_3)
FN:22,(anonymous_4)
FN:34,(anonymous_5)
FNF:6
FNH:0
FNDA:0,(anonymous_0)
FNDA:0,(anonymous_1)
FNDA:0,MenuItem
FNDA:0,(anonymous_3)
FNDA:0,(anonymous_4)
FNDA:0,(anonymous_5)
DA:7,2
DA:8,0
DA:10,0
DA:17,0
DA:19,0
DA:20,0
DA:22,0
DA:23,0
DA:24,0
DA:28,0
DA:35,0
DA:36,0
LF:12
LH:1
BRDA:10,0,0,0
BRDA:10,0,1,0
BRDA:16,1,0,0
BRDA:16,2,0,0
BRDA:23,3,0,0
BRDA:23,3,1,0
BRDA:31,4,0,0
BRDA:31,4,1,0
BRDA:38,5,0,0
BRDA:38,5,1,0
BRDA:49,6,0,0
BRDA:49,6,1,0
BRDA:57,7,0,0
BRDA:57,7,1,0
BRF:14
BRH:0
end_of_record
TN:
SF:src\components\menu\menuItem\styles.ts
FN:12,(anonymous_0)
FN:36,(anonymous_1)
FN:63,(anonymous_2)
FN:73,(anonymous_3)
FN:82,(anonymous_4)
FN:86,(anonymous_5)
FN:96,(anonymous_6)
FNF:7
FNH:0
FNDA:0,(anonymous_0)
FNDA:0,(anonymous_1)
FNDA:0,(anonymous_2)
FNDA:0,(anonymous_3)
FNDA:0,(anonymous_4)
FNDA:0,(anonymous_5)
FNDA:0,(anonymous_6)
DA:3,2
DA:12,0
DA:36,0
DA:59,2
DA:63,0
DA:67,2
DA:74,0
DA:83,0
DA:87,0
DA:96,0
LF:10
LH:3
BRDA:63,0,0,0
BRDA:63,0,1,0
BRDA:74,1,0,0
BRDA:74,1,1,0
BRDA:76,2,0,0
BRDA:76,2,1,0
BRDA:83,3,0,0
BRDA:83,3,1,0
BRDA:87,4,0,0
BRDA:87,4,1,0
BRDA:96,5,0,0
BRDA:96,5,1,0
BRF:12
BRH:0
end_of_record
TN:
SF:src\components\modal\selectModal\index.tsx
FN:6,SelectModal
FN:18,(anonymous_1)
FN:24,(anonymous_2)
FN:27,(anonymous_3)
FN:34,(anonymous_4)
FNF:5
FNH:3
FNDA:4,SelectModal
FNDA:0,(anonymous_1)
FNDA:4,(anonymous_2)
FNDA:4,(anonymous_3)
FNDA:0,(anonymous_4)
DA:15,4
DA:16,4
DA:18,4
DA:19,0
DA:20,0
DA:24,4
DA:25,4
DA:27,4
DA:28,4
DA:32,4
LF:10
LH:8
BRDA:9,0,0,3
BRDA:10,1,0,2
BRDA:11,2,0,2
BRDA:12,3,0,2
BRDA:19,4,0,0
BRDA:19,4,1,0
BRDA:19,5,0,0
BRDA:19,5,1,0
BRDA:19,5,2,0
BRDA:34,6,0,0
BRDA:34,6,1,4
BRDA:37,7,0,0
BRDA:37,7,1,4
BRDA:37,8,0,4
BRDA:37,8,1,0
BRDA:38,9,0,4
BRDA:38,9,1,0
BRF:17
BRH:8
end_of_record
TN:
SF:src\components\modal\selectModal\styles.ts
FN:18,(anonymous_0)
FN:31,(anonymous_1)
FN:37,(anonymous_2)
FN:46,(anonymous_3)
FN:47,(anonymous_4)
FN:49,(anonymous_5)
FN:63,(anonymous_6)
FN:73,(anonymous_7)
FN:75,(anonymous_8)
FN:77,(anonymous_9)
FN:94,(anonymous_10)
FN:136,(anonymous_11)
FN:138,(anonymous_12)
FN:141,(anonymous_13)
FN:144,(anonymous_14)
FN:159,(anonymous_15)
FN:164,(anonymous_16)
FN:166,(anonymous_17)
FN:177,(anonymous_18)
FN:179,(anonymous_19)
FN:193,(anonymous_20)
FNF:21
FNH:21
FNDA:4,(anonymous_0)
FNDA:4,(anonymous_1)
FNDA:4,(anonymous_2)
FNDA:4,(anonymous_3)
FNDA:4,(anonymous_4)
FNDA:4,(anonymous_5)
FNDA:4,(anonymous_6)
FNDA:4,(anonymous_7)
FNDA:4,(anonymous_8)
FNDA:4,(anonymous_9)
FNDA:4,(anonymous_10)
FNDA:4,(anonymous_11)
FNDA:4,(anonymous_12)
FNDA:4,(anonymous_13)
FNDA:4,(anonymous_14)
FNDA:4,(anonymous_15)
FNDA:4,(anonymous_16)
FNDA:4,(anonymous_17)
FNDA:4,(anonymous_18)
FNDA:4,(anonymous_19)
FNDA:4,(anonymous_20)
DA:3,4
DA:14,4
DA:18,4
DA:31,4
DA:37,4
DA:46,4
DA:47,4
DA:49,4
DA:63,4
DA:73,4
DA:76,4
DA:77,4
DA:94,4
DA:126,4
DA:136,4
DA:138,4
DA:141,4
DA:144,4
DA:159,4
DA:165,4
DA:166,4
DA:178,4
DA:179,4
DA:194,4
LF:24
LH:24
BRF:0
BRH:0
end_of_record
TN:
SF:src\components\options\themeModal\index.tsx
FN:8,ThemeModal
FN:15,(anonymous_1)
FN:19,(anonymous_2)
FNF:3
FNH:1
FNDA:1,ThemeModal
FNDA:0,(anonymous_1)
FNDA:0,(anonymous_2)
DA:9,1
DA:11,1
DA:15,0
DA:19,0
LF:4
LH:2
BRF:0
BRH:0
end_of_record
TN:
SF:src\components\pageEstructure\index.tsx
FN:4,PageEstructure
FNF:1
FNH:1
FNDA:1,PageEstructure
DA:5,1
LF:1
LH:1
BRF:0
BRH:0
end_of_record
TN:
SF:src\components\profile\index.tsx
FN:7,Profile
FNF:1
FNH:1
FNDA:1,Profile
DA:8,1
DA:10,1
LF:2
LH:2
BRDA:17,0,0,1
BRDA:17,0,1,1
BRDA:26,1,0,1
BRDA:26,1,1,1
BRDA:29,2,0,1
BRDA:29,2,1,1
BRDA:29,3,0,1
BRDA:29,3,1,1
BRF:8
BRH:8
end_of_record
TN:
SF:src\components\table\tagItem\index.tsx
FN:3,Tagitem
FNF:1
FNH:1
FNDA:1,Tagitem
DA:4,1
LF:1
LH:1
BRF:0
BRH:0
end_of_record
TN:
SF:src\components\table\tagItem\styles.ts
FN:13,(anonymous_0)
FNF:1
FNH:1
FNDA:1,(anonymous_0)
DA:3,1
DA:13,1
LF:2
LH:2
BRDA:13,0,0,1
BRDA:13,0,1,1
BRF:2
BRH:2
end_of_record
TN:
SF:src\components\table\topManageTable\index.tsx
FN:3,TopManageTable
FNF:1
FNH:1
FNDA:1,TopManageTable
DA:4,1
LF:1
LH:1
BRF:0
BRH:0
end_of_record
TN:
SF:src\components\table\topManageTable\styles.ts
FN:30,(anonymous_0)
FNF:1
FNH:1
FNDA:1,(anonymous_0)
DA:5,1
DA:30,1
LF:2
LH:2
BRF:0
BRH:0
end_of_record
TN:
SF:src\context\configContext.tsx
FN:10,ConfigContextProvider
FN:13,(anonymous_1)
FN:17,(anonymous_2)
FNF:3
FNH:0
FNDA:0,ConfigContextProvider
FNDA:0,(anonymous_1)
FNDA:0,(anonymous_2)
DA:8,1
DA:11,0
DA:13,0
DA:14,0
DA:15,0
DA:17,0
DA:18,0
DA:19,0
DA:20,0
DA:21,0
DA:24,0
LF:11
LH:1
BRDA:19,0,0,0
BRDA:19,0,1,0
BRF:2
BRH:0
end_of_record
TN:
SF:src\context\userContext.tsx
FN:14,UserContextProvider
FN:19,(anonymous_1)
FN:24,(anonymous_2)
FN:36,(anonymous_3)
FNF:4
FNH:0
FNDA:0,UserContextProvider
FNDA:0,(anonymous_1)
FNDA:0,(anonymous_2)
FNDA:0,(anonymous_3)
DA:12,3
DA:15,0
DA:16,0
DA:17,0
DA:19,0
DA:20,0
DA:21,0
DA:24,0
DA:25,0
DA:26,0
DA:27,0
DA:28,0
DA:29,0
DA:31,0
DA:32,0
DA:36,0
DA:37,0
DA:38,0
DA:39,0
DA:42,0
LF:20
LH:1
BRDA:26,0,0,0
BRDA:26,0,1,0
BRF:2
BRH:0
end_of_record
TN:
SF:src\hooks\useModal.tsx
FN:3,(anonymous_0)
FN:6,(anonymous_1)
FN:7,(anonymous_2)
FNF:3
FNH:1
FNDA:4,(anonymous_0)
FNDA:0,(anonymous_1)
FNDA:0,(anonymous_2)
DA:3,4
DA:4,4
DA:6,4
DA:7,4
DA:9,4
LF:5
LH:5
BRF:0
BRH:0
end_of_record
TN:
SF:src\styles\config\breakpoints.ts
FNF:0
FNH:0
DA:1,5
LF:1
LH:1
BRF:0
BRH:0
end_of_record
TN:
SF:src\styles\config\themes.ts
FNF:0
FNH:0
DA:1,12
LF:1
LH:1
BRF:0
BRH:0
end_of_record
TN:
SF:src\styles\globals\globalButtons.ts
FN:25,(anonymous_0)
FN:67,(anonymous_1)
FN:68,(anonymous_2)
FN:70,(anonymous_3)
FN:74,(anonymous_4)
FN:75,(anonymous_5)
FN:87,(anonymous_6)
FN:89,(anonymous_7)
FN:137,(anonymous_8)
FNF:9
FNH:9
FNDA:7,(anonymous_0)
FNDA:6,(anonymous_1)
FNDA:6,(anonymous_2)
FNDA:6,(anonymous_3)
FNDA:1,(anonymous_4)
FNDA:1,(anonymous_5)
FNDA:1,(anonymous_6)
FNDA:1,(anonymous_7)
FNDA:1,(anonymous_8)
DA:4,2
DA:26,7
DA:27,1
DA:30,6
DA:31,3
DA:34,3
DA:35,1
DA:38,2
DA:39,1
DA:66,2
DA:67,6
DA:68,6
DA:71,6
DA:72,1
DA:74,1
DA:75,1
DA:86,2
DA:88,1
DA:89,1
DA:135,2
DA:137,1
LF:21
LH:21
BRDA:26,0,0,1
BRDA:26,0,1,6
BRDA:30,1,0,3
BRDA:30,1,1,3
BRDA:34,2,0,1
BRDA:34,2,1,2
BRDA:38,3,0,1
BRDA:38,3,1,1
BRDA:71,4,0,1
BRDA:71,4,1,5
BRDA:137,5,0,1
BRDA:137,5,1,1
BRF:12
BRH:12
end_of_record
TN:
SF:src\styles\globals\globalGrid.ts
FNF:0
FNH:0
DA:3,2
DA:7,2
DA:10,2
DA:14,2
DA:17,2
DA:20,2
DA:23,2
DA:26,2
DA:29,2
DA:32,2
DA:35,2
DA:38,2
DA:41,2
DA:44,2
LF:14
LH:14
BRF:0
BRH:0
end_of_record
TN:
SF:src\styles\globals\globalTables.ts
FN:19,(anonymous_0)
FN:32,(anonymous_1)
FNF:2
FNH:2
FNDA:2,(anonymous_0)
FNDA:2,(anonymous_1)
DA:3,1
DA:20,2
DA:21,2
DA:22,2
DA:23,2
DA:32,2
LF:6
LH:6
BRF:0
BRH:0
end_of_record
TN:
SF:src\utilities\formatStrings.tsx
FN:1,(anonymous_0)
FN:3,(anonymous_1)
FN:10,(anonymous_2)
FNF:3
FNH:3
FNDA:2,(anonymous_0)
FNDA:2,(anonymous_1)
FNDA:2,(anonymous_2)
DA:1,1
DA:2,2
DA:3,2
DA:4,2
DA:5,2
DA:7,2
DA:10,1
DA:11,2
DA:12,2
LF:9
LH:9
BRF:0
BRH:0
end_of_record
